TN:
SF:src\App.jsx
FN:15,AppContent
FN:29,App
FN:33,(anonymous_2)
FNF:3
FNH:0
FNDA:0,AppContent
FNDA:0,App
FNDA:0,(anonymous_2)
DA:16,0
DA:18,0
DA:30,0
DA:32,0
DA:33,0
DA:36,0
LF:6
LH:0
BRDA:32,0,0,0
BRDA:32,0,1,0
BRF:2
BRH:0
end_of_record
TN:
SF:src\ai\drugInteraction.js
FN:14,detecterInteractions
FN:18,(anonymous_1)
FN:24,(anonymous_2)
FN:27,(anonymous_3)
FN:60,analyserOrdonnance
FN:62,(anonymous_5)
FNF:6
FNH:0
FNDA:0,detecterInteractions
FNDA:0,(anonymous_1)
FNDA:0,(anonymous_2)
FNDA:0,(anonymous_3)
FNDA:0,analyserOrdonnance
FNDA:0,(anonymous_5)
DA:1,0
DA:15,0
DA:17,0
DA:18,0
DA:19,0
DA:20,0
DA:23,0
DA:24,0
DA:25,0
DA:27,0
DA:28,0
DA:30,0
DA:31,0
DA:41,0
DA:42,0
DA:43,0
DA:44,0
DA:45,0
DA:57,0
DA:61,0
DA:62,0
DA:63,0
DA:64,0
DA:67,0
LF:24
LH:0
BRDA:15,0,0,0
BRDA:15,0,1,0
BRDA:15,1,0,0
BRDA:15,1,1,0
BRDA:19,2,0,0
BRDA:19,2,1,0
BRDA:20,3,0,0
BRDA:20,3,1,0
BRDA:25,4,0,0
BRDA:25,4,1,0
BRDA:28,5,0,0
BRDA:28,5,1,0
BRDA:30,6,0,0
BRDA:30,6,1,0
BRDA:30,7,0,0
BRDA:30,7,1,0
BRDA:30,7,2,0
BRDA:41,8,0,0
BRDA:41,8,1,0
BRDA:44,9,0,0
BRDA:44,9,1,0
BRDA:64,10,0,0
BRDA:64,10,1,0
BRDA:72,11,0,0
BRDA:72,11,1,0
BRDA:74,12,0,0
BRDA:74,12,1,0
BRF:27
BRH:0
end_of_record
TN:
SF:src\ai\healthScore.js
FN:9,calculerScoreSante
FN:32,evaluerAdherence
FN:34,(anonymous_2)
FN:39,evaluerRenouvellements
FN:41,(anonymous_4)
FN:45,evaluerRegulariteVisites
FN:47,(anonymous_6)
FN:47,(anonymous_7)
FN:50,(anonymous_8)
FN:54,evaluerInteractions
FN:56,(anonymous_10)
FN:60,evaluerProfil
FN:70,getNiveau
FN:78,genererRecommandations
FNF:14
FNH:0
FNDA:0,calculerScoreSante
FNDA:0,evaluerAdherence
FNDA:0,(anonymous_2)
FNDA:0,evaluerRenouvellements
FNDA:0,(anonymous_4)
FNDA:0,evaluerRegulariteVisites
FNDA:0,(anonymous_6)
FNDA:0,(anonymous_7)
FNDA:0,(anonymous_8)
FNDA:0,evaluerInteractions
FNDA:0,(anonymous_10)
FNDA:0,evaluerProfil
FNDA:0,getNiveau
FNDA:0,genererRecommandations
DA:1,0
DA:10,0
DA:11,0
DA:12,0
DA:13,0
DA:14,0
DA:17,0
DA:23,0
DA:24,0
DA:33,0
DA:34,0
DA:35,0
DA:36,0
DA:40,0
DA:41,0
DA:42,0
DA:46,0
DA:47,0
DA:48,0
DA:49,0
DA:50,0
DA:51,0
DA:55,0
DA:56,0
DA:57,0
DA:61,0
DA:62,0
DA:63,0
DA:64,0
DA:65,0
DA:66,0
DA:67,0
DA:71,0
DA:72,0
DA:73,0
DA:74,0
DA:75,0
DA:79,0
DA:80,0
DA:81,0
DA:82,0
DA:83,0
DA:84,0
LF:43
LH:0
BRDA:10,0,0,0
BRDA:10,0,1,0
BRDA:11,1,0,0
BRDA:11,1,1,0
BRDA:12,2,0,0
BRDA:12,2,1,0
BRDA:13,3,0,0
BRDA:13,3,1,0
BRDA:14,4,0,0
BRDA:14,4,1,0
BRDA:33,5,0,0
BRDA:33,5,1,0
BRDA:40,6,0,0
BRDA:40,6,1,0
BRDA:46,7,0,0
BRDA:46,7,1,0
BRDA:55,8,0,0
BRDA:55,8,1,0
BRDA:55,9,0,0
BRDA:55,9,1,0
BRDA:62,10,0,0
BRDA:62,10,1,0
BRDA:63,11,0,0
BRDA:63,11,1,0
BRDA:64,12,0,0
BRDA:64,12,1,0
BRDA:65,13,0,0
BRDA:65,13,1,0
BRDA:66,14,0,0
BRDA:66,14,1,0
BRDA:71,15,0,0
BRDA:71,15,1,0
BRDA:72,16,0,0
BRDA:72,16,1,0
BRDA:73,17,0,0
BRDA:73,17,1,0
BRDA:74,18,0,0
BRDA:74,18,1,0
BRDA:80,19,0,0
BRDA:80,19,1,0
BRDA:81,20,0,0
BRDA:81,20,1,0
BRDA:82,21,0,0
BRDA:82,21,1,0
BRDA:83,22,0,0
BRDA:83,22,1,0
BRF:46
BRH:0
end_of_record
TN:
SF:src\ai\retentionEngine.js
FN:7,analyserFidelite
FN:35,segmenterPatients
FN:37,(anonymous_2)
FN:53,proposerRecompenses
FN:73,getNbMois
FN:75,(anonymous_5)
FN:81,getDerniereVisite
FN:82,(anonymous_7)
FN:85,calculerPanierMoyen
FN:87,(anonymous_9)
FN:91,getNiveauFidelite
FN:98,getRisque
FN:105,genererRecommandationsFidelite
FNF:13
FNH:0
FNDA:0,analyserFidelite
FNDA:0,segmenterPatients
FNDA:0,(anonymous_2)
FNDA:0,proposerRecompenses
FNDA:0,getNbMois
FNDA:0,(anonymous_5)
FNDA:0,getDerniereVisite
FNDA:0,(anonymous_7)
FNDA:0,calculerPanierMoyen
FNDA:0,(anonymous_9)
FNDA:0,getNiveauFidelite
FNDA:0,getRisque
FNDA:0,genererRecommandationsFidelite
DA:1,0
DA:8,0
DA:10,0
DA:11,0
DA:12,0
DA:13,0
DA:14,0
DA:16,0
DA:17,0
DA:18,0
DA:19,0
DA:21,0
DA:22,0
DA:24,0
DA:36,0
DA:37,0
DA:38,0
DA:39,0
DA:40,0
DA:41,0
DA:42,0
DA:45,0
DA:54,0
DA:55,0
DA:57,0
DA:58,0
DA:60,0
DA:61,0
DA:63,0
DA:64,0
DA:66,0
DA:67,0
DA:70,0
DA:74,0
DA:75,0
DA:76,0
DA:77,0
DA:78,0
DA:82,0
DA:86,0
DA:87,0
DA:88,0
DA:92,0
DA:93,0
DA:94,0
DA:95,0
DA:99,0
DA:100,0
DA:101,0
DA:102,0
DA:106,0
DA:107,0
DA:108,0
DA:109,0
DA:110,0
DA:111,0
DA:112,0
LF:57
LH:0
BRDA:8,0,0,0
BRDA:8,0,1,0
BRDA:39,1,0,0
BRDA:39,1,1,0
BRDA:40,2,0,0
BRDA:40,2,1,0
BRDA:41,3,0,0
BRDA:41,3,1,0
BRDA:41,4,0,0
BRDA:41,4,1,0
BRDA:57,5,0,0
BRDA:57,5,1,0
BRDA:60,6,0,0
BRDA:60,6,1,0
BRDA:60,7,0,0
BRDA:60,7,1,0
BRDA:63,8,0,0
BRDA:63,8,1,0
BRDA:66,9,0,0
BRDA:66,9,1,0
BRDA:74,10,0,0
BRDA:74,10,1,0
BRDA:82,11,0,0
BRDA:82,11,1,0
BRDA:86,12,0,0
BRDA:86,12,1,0
BRDA:87,13,0,0
BRDA:87,13,1,0
BRDA:92,14,0,0
BRDA:92,14,1,0
BRDA:93,15,0,0
BRDA:93,15,1,0
BRDA:94,16,0,0
BRDA:94,16,1,0
BRDA:99,17,0,0
BRDA:99,17,1,0
BRDA:99,18,0,0
BRDA:99,18,1,0
BRDA:100,19,0,0
BRDA:100,19,1,0
BRDA:100,20,0,0
BRDA:100,20,1,0
BRDA:101,21,0,0
BRDA:101,21,1,0
BRDA:101,22,0,0
BRDA:101,22,1,0
BRDA:107,23,0,0
BRDA:107,23,1,0
BRDA:108,24,0,0
BRDA:108,24,1,0
BRDA:109,25,0,0
BRDA:109,25,1,0
BRDA:110,26,0,0
BRDA:110,26,1,0
BRDA:110,27,0,0
BRDA:110,27,1,0
BRDA:111,28,0,0
BRDA:111,28,1,0
BRF:58
BRH:0
end_of_record
TN:
SF:src\ai\stockPrediction.js
FN:12,getSaison
FN:20,getConsommationMoyenne
FN:22,(anonymous_2)
FN:28,predireRuptureStock
FN:59,predireDemandeGlobale
FN:61,(anonymous_5)
FN:62,(anonymous_6)
FN:67,suggererReapprovisionnement
FN:68,(anonymous_8)
FN:73,(anonymous_9)
FN:74,(anonymous_10)
FN:77,(anonymous_11)
FN:83,(anonymous_12)
FNF:13
FNH:0
FNDA:0,getSaison
FNDA:0,getConsommationMoyenne
FNDA:0,(anonymous_2)
FNDA:0,predireRuptureStock
FNDA:0,predireDemandeGlobale
FNDA:0,(anonymous_5)
FNDA:0,(anonymous_6)
FNDA:0,suggererReapprovisionnement
FNDA:0,(anonymous_8)
FNDA:0,(anonymous_9)
FNDA:0,(anonymous_10)
FNDA:0,(anonymous_11)
FNDA:0,(anonymous_12)
DA:1,0
DA:13,0
DA:14,0
DA:15,0
DA:16,0
DA:17,0
DA:21,0
DA:22,0
DA:23,0
DA:25,0
DA:29,0
DA:30,0
DA:31,0
DA:32,0
DA:34,0
DA:38,0
DA:60,0
DA:61,0
DA:62,0
DA:63,0
DA:68,0
DA:73,0
DA:74,0
DA:76,0
DA:77,0
DA:83,0
LF:26
LH:0
BRDA:14,0,0,0
BRDA:14,0,1,0
BRDA:14,1,0,0
BRDA:14,1,1,0
BRDA:15,2,0,0
BRDA:15,2,1,0
BRDA:15,3,0,0
BRDA:15,3,1,0
BRDA:16,4,0,0
BRDA:16,4,1,0
BRDA:16,5,0,0
BRDA:16,5,1,0
BRDA:21,6,0,0
BRDA:21,6,1,0
BRDA:21,7,0,0
BRDA:21,7,1,0
BRDA:25,8,0,0
BRDA:25,8,1,0
BRDA:30,9,0,0
BRDA:30,9,1,0
BRDA:34,10,0,0
BRDA:34,10,1,0
BRDA:45,11,0,0
BRDA:45,11,1,0
BRDA:45,12,0,0
BRDA:45,12,1,0
BRDA:45,13,0,0
BRDA:45,13,1,0
BRDA:46,14,0,0
BRDA:46,14,1,0
BRDA:49,15,0,0
BRDA:49,15,1,0
BRDA:51,16,0,0
BRDA:51,16,1,0
BRDA:53,17,0,0
BRDA:53,17,1,0
BRDA:62,18,0,0
BRDA:62,18,1,0
BRF:38
BRH:0
end_of_record
TN:
SF:src\api\admin.js
FN:4,(anonymous_0)
FN:6,(anonymous_1)
FN:7,(anonymous_2)
FN:8,(anonymous_3)
FN:9,(anonymous_4)
FN:10,(anonymous_5)
FN:12,(anonymous_6)
FN:16,(anonymous_7)
FN:17,(anonymous_8)
FN:18,(anonymous_9)
FN:19,(anonymous_10)
FN:20,(anonymous_11)
FN:21,(anonymous_12)
FN:22,(anonymous_13)
FN:23,(anonymous_14)
FN:25,(anonymous_15)
FNF:16
FNH:0
FNDA:0,(anonymous_0)
FNDA:0,(anonymous_1)
FNDA:0,(anonymous_2)
FNDA:0,(anonymous_3)
FNDA:0,(anonymous_4)
FNDA:0,(anonymous_5)
FNDA:0,(anonymous_6)
FNDA:0,(anonymous_7)
FNDA:0,(anonymous_8)
FNDA:0,(anonymous_9)
FNDA:0,(anonymous_10)
FNDA:0,(anonymous_11)
FNDA:0,(anonymous_12)
FNDA:0,(anonymous_13)
FNDA:0,(anonymous_14)
FNDA:0,(anonymous_15)
DA:3,0
DA:4,0
DA:6,0
DA:7,0
DA:8,0
DA:9,0
DA:10,0
DA:13,0
DA:14,0
DA:16,0
DA:17,0
DA:18,0
DA:19,0
DA:20,0
DA:21,0
DA:22,0
DA:23,0
DA:25,0
LF:18
LH:0
BRDA:6,0,0,0
BRDA:7,1,0,0
BRDA:8,2,0,0
BRDA:9,3,0,0
BRDA:10,4,0,0
BRDA:12,5,0,0
BRDA:14,6,0,0
BRDA:14,6,1,0
BRF:8
BRH:0
end_of_record
TN:
SF:src\api\auth.js
FN:4,(anonymous_0)
FN:5,(anonymous_1)
FN:6,(anonymous_2)
FN:7,(anonymous_3)
FN:8,(anonymous_4)
FN:9,(anonymous_5)
FN:10,(anonymous_6)
FNF:7
FNH:0
FNDA:0,(anonymous_0)
FNDA:0,(anonymous_1)
FNDA:0,(anonymous_2)
FNDA:0,(anonymous_3)
FNDA:0,(anonymous_4)
FNDA:0,(anonymous_5)
FNDA:0,(anonymous_6)
DA:3,0
DA:4,0
DA:5,0
DA:6,0
DA:7,0
DA:8,0
DA:9,0
DA:10,0
LF:8
LH:0
BRF:0
BRH:0
end_of_record
TN:
SF:src\api\axios.js
FN:17,(anonymous_0)
FN:18,(anonymous_1)
FN:28,(anonymous_2)
FN:35,(anonymous_3)
FN:39,(anonymous_4)
FN:41,(anonymous_5)
FN:46,(anonymous_6)
FN:49,(anonymous_7)
FN:53,(anonymous_8)
FN:99,(anonymous_9)
FN:124,(anonymous_10)
FNF:11
FNH:0
FNDA:0,(anonymous_0)
FNDA:0,(anonymous_1)
FNDA:0,(anonymous_2)
FNDA:0,(anonymous_3)
FNDA:0,(anonymous_4)
FNDA:0,(anonymous_5)
FNDA:0,(anonymous_6)
FNDA:0,(anonymous_7)
FNDA:0,(anonymous_8)
FNDA:0,(anonymous_9)
FNDA:0,(anonymous_10)
DA:3,0
DA:5,0
DA:14,0
DA:15,0
DA:17,0
DA:18,0
DA:19,0
DA:20,0
DA:22,0
DA:25,0
DA:28,0
DA:30,0
DA:31,0
DA:32,0
DA:34,0
DA:36,0
DA:39,0
DA:40,0
DA:42,0
DA:44,0
DA:45,0
DA:46,0
DA:47,0
DA:50,0
DA:51,0
DA:53,0
DA:56,0
DA:57,0
DA:59,0
DA:61,0
DA:62,0
DA:63,0
DA:64,0
DA:65,0
DA:68,0
DA:69,0
DA:70,0
DA:71,0
DA:72,0
DA:74,0
DA:75,0
DA:76,0
DA:77,0
DA:78,0
DA:80,0
DA:85,0
DA:90,0
DA:99,0
DA:100,0
DA:101,0
DA:102,0
DA:103,0
DA:104,0
DA:113,0
DA:114,0
DA:121,0
DA:124,0
DA:125,0
DA:126,0
DA:127,0
LF:60
LH:0
BRDA:3,0,0,0
BRDA:3,0,1,0
BRDA:17,1,0,0
BRDA:19,2,0,0
BRDA:19,2,1,0
BRDA:31,3,0,0
BRDA:31,3,1,0
BRDA:44,4,0,0
BRDA:44,4,1,0
BRDA:44,5,0,0
BRDA:44,5,1,0
BRDA:45,6,0,0
BRDA:45,6,1,0
BRDA:61,7,0,0
BRDA:61,7,1,0
BRDA:85,8,0,0
BRDA:85,8,1,0
BRDA:85,8,2,0
BRDA:85,8,3,0
BRDA:93,9,0,0
BRDA:93,9,1,0
BRDA:93,9,2,0
BRDA:101,10,0,0
BRDA:101,10,1,0
BRDA:102,11,0,0
BRDA:102,11,1,0
BRDA:103,12,0,0
BRDA:103,12,1,0
BRDA:105,13,0,0
BRDA:105,13,1,0
BRDA:106,14,0,0
BRDA:106,14,1,0
BRDA:107,15,0,0
BRDA:107,15,1,0
BRDA:113,16,0,0
BRDA:113,16,1,0
BRDA:126,17,0,0
BRDA:126,17,1,0
BRDA:127,18,0,0
BRDA:127,18,1,0
BRF:40
BRH:0
end_of_record
TN:
SF:src\api\distributor.js
FN:4,(anonymous_0)
FN:8,(anonymous_1)
FN:9,(anonymous_2)
FN:10,(anonymous_3)
FN:11,(anonymous_4)
FN:13,(anonymous_5)
FN:17,(anonymous_6)
FN:21,(anonymous_7)
FN:23,(anonymous_8)
FN:25,(anonymous_9)
FN:29,(anonymous_10)
FN:30,(anonymous_11)
FN:31,(anonymous_12)
FN:32,(anonymous_13)
FN:34,(anonymous_14)
FN:38,(anonymous_15)
FN:39,(anonymous_16)
FN:40,(anonymous_17)
FN:41,(anonymous_18)
FN:42,(anonymous_19)
FN:43,(anonymous_20)
FNF:21
FNH:0
FNDA:0,(anonymous_0)
FNDA:0,(anonymous_1)
FNDA:0,(anonymous_2)
FNDA:0,(anonymous_3)
FNDA:0,(anonymous_4)
FNDA:0,(anonymous_5)
FNDA:0,(anonymous_6)
FNDA:0,(anonymous_7)
FNDA:0,(anonymous_8)
FNDA:0,(anonymous_9)
FNDA:0,(anonymous_10)
FNDA:0,(anonymous_11)
FNDA:0,(anonymous_12)
FNDA:0,(anonymous_13)
FNDA:0,(anonymous_14)
FNDA:0,(anonymous_15)
FNDA:0,(anonymous_16)
FNDA:0,(anonymous_17)
FNDA:0,(anonymous_18)
FNDA:0,(anonymous_19)
FNDA:0,(anonymous_20)
DA:3,0
DA:5,0
DA:6,0
DA:8,0
DA:9,0
DA:10,0
DA:11,0
DA:14,0
DA:15,0
DA:18,0
DA:19,0
DA:22,0
DA:23,0
DA:26,0
DA:27,0
DA:29,0
DA:30,0
DA:31,0
DA:32,0
DA:35,0
DA:36,0
DA:38,0
DA:39,0
DA:40,0
DA:41,0
DA:42,0
DA:43,0
LF:27
LH:0
BRDA:4,0,0,0
BRDA:6,1,0,0
BRDA:6,1,1,0
BRDA:13,2,0,0
BRDA:15,3,0,0
BRDA:15,3,1,0
BRDA:17,4,0,0
BRDA:19,5,0,0
BRDA:19,5,1,0
BRDA:25,6,0,0
BRDA:27,7,0,0
BRDA:27,7,1,0
BRDA:34,8,0,0
BRDA:36,9,0,0
BRDA:36,9,1,0
BRF:15
BRH:0
end_of_record
TN:
SF:src\api\files.js
FN:4,(anonymous_0)
FN:7,(anonymous_1)
FN:10,(anonymous_2)
FN:20,(anonymous_3)
FN:24,(anonymous_4)
FN:28,(anonymous_5)
FN:32,(anonymous_6)
FNF:7
FNH:0
FNDA:0,(anonymous_0)
FNDA:0,(anonymous_1)
FNDA:0,(anonymous_2)
FNDA:0,(anonymous_3)
FNDA:0,(anonymous_4)
FNDA:0,(anonymous_5)
FNDA:0,(anonymous_6)
DA:3,0
DA:5,0
DA:8,0
DA:11,0
DA:12,0
DA:13,0
DA:19,0
DA:21,0
DA:22,0
DA:25,0
DA:26,0
DA:29,0
DA:30,0
DA:33,0
DA:34,0
LF:15
LH:0
BRDA:20,0,0,0
BRDA:22,1,0,0
BRDA:22,1,1,0
BRDA:24,2,0,0
BRDA:26,3,0,0
BRDA:26,3,1,0
BRDA:28,4,0,0
BRDA:30,5,0,0
BRDA:30,5,1,0
BRDA:32,6,0,0
BRDA:34,7,0,0
BRDA:34,7,1,0
BRF:12
BRH:0
end_of_record
TN:
SF:src\api\index.js
FNF:0
FNH:0
LF:0
LH:0
BRF:0
BRH:0
end_of_record
TN:
SF:src\api\maps.js
FN:4,(anonymous_0)
FN:7,(anonymous_1)
FN:12,(anonymous_2)
FN:14,(anonymous_3)
FN:25,(anonymous_4)
FN:26,(anonymous_5)
FN:28,(anonymous_6)
FN:29,(anonymous_7)
FNF:8
FNH:0
FNDA:0,(anonymous_0)
FNDA:0,(anonymous_1)
FNDA:0,(anonymous_2)
FNDA:0,(anonymous_3)
FNDA:0,(anonymous_4)
FNDA:0,(anonymous_5)
FNDA:0,(anonymous_6)
FNDA:0,(anonymous_7)
DA:3,0
DA:5,0
DA:8,0
DA:9,0
DA:12,0
DA:15,0
DA:16,0
DA:20,0
DA:25,0
DA:26,0
DA:27,0
DA:28,0
DA:29,0
DA:30,0
DA:34,0
LF:15
LH:0
BRDA:4,0,0,0
BRDA:7,1,0,0
BRDA:9,2,0,0
BRDA:9,2,1,0
BRDA:14,3,0,0
BRDA:16,4,0,0
BRDA:16,4,1,0
BRDA:27,5,0,0
BRDA:27,5,1,0
BRF:9
BRH:0
end_of_record
TN:
SF:src\api\notifications.js
FN:4,(anonymous_0)
FN:8,(anonymous_1)
FN:9,(anonymous_2)
FN:10,(anonymous_3)
FN:11,(anonymous_4)
FN:12,(anonymous_5)
FN:13,(anonymous_6)
FN:14,(anonymous_7)
FNF:8
FNH:0
FNDA:0,(anonymous_0)
FNDA:0,(anonymous_1)
FNDA:0,(anonymous_2)
FNDA:0,(anonymous_3)
FNDA:0,(anonymous_4)
FNDA:0,(anonymous_5)
FNDA:0,(anonymous_6)
FNDA:0,(anonymous_7)
DA:3,0
DA:5,0
DA:6,0
DA:8,0
DA:9,0
DA:10,0
DA:11,0
DA:12,0
DA:13,0
DA:14,0
LF:10
LH:0
BRDA:4,0,0,0
BRDA:6,1,0,0
BRDA:6,1,1,0
BRF:3
BRH:0
end_of_record
TN:
SF:src\api\pharmacy.js
FN:4,(anonymous_0)
FN:8,(anonymous_1)
FN:9,(anonymous_2)
FN:10,(anonymous_3)
FN:11,(anonymous_4)
FN:12,(anonymous_5)
FN:17,(anonymous_6)
FN:21,(anonymous_7)
FN:22,(anonymous_8)
FN:23,(anonymous_9)
FN:24,(anonymous_10)
FN:25,(anonymous_11)
FN:29,(anonymous_12)
FN:30,(anonymous_13)
FN:31,(anonymous_14)
FN:33,(anonymous_15)
FN:37,(anonymous_16)
FN:38,(anonymous_17)
FN:44,(anonymous_18)
FN:45,(anonymous_19)
FN:47,(anonymous_20)
FN:51,(anonymous_21)
FN:55,(anonymous_22)
FN:56,(anonymous_23)
FN:57,(anonymous_24)
FN:61,(anonymous_25)
FN:65,(anonymous_26)
FN:69,(anonymous_27)
FN:73,(anonymous_28)
FN:76,(anonymous_29)
FNF:30
FNH:0
FNDA:0,(anonymous_0)
FNDA:0,(anonymous_1)
FNDA:0,(anonymous_2)
FNDA:0,(anonymous_3)
FNDA:0,(anonymous_4)
FNDA:0,(anonymous_5)
FNDA:0,(anonymous_6)
FNDA:0,(anonymous_7)
FNDA:0,(anonymous_8)
FNDA:0,(anonymous_9)
FNDA:0,(anonymous_10)
FNDA:0,(anonymous_11)
FNDA:0,(anonymous_12)
FNDA:0,(anonymous_13)
FNDA:0,(anonymous_14)
FNDA:0,(anonymous_15)
FNDA:0,(anonymous_16)
FNDA:0,(anonymous_17)
FNDA:0,(anonymous_18)
FNDA:0,(anonymous_19)
FNDA:0,(anonymous_20)
FNDA:0,(anonymous_21)
FNDA:0,(anonymous_22)
FNDA:0,(anonymous_23)
FNDA:0,(anonymous_24)
FNDA:0,(anonymous_25)
FNDA:0,(anonymous_26)
FNDA:0,(anonymous_27)
FNDA:0,(anonymous_28)
FNDA:0,(anonymous_29)
DA:3,0
DA:5,0
DA:6,0
DA:8,0
DA:9,0
DA:10,0
DA:11,0
DA:13,0
DA:14,0
DA:18,0
DA:19,0
DA:21,0
DA:22,0
DA:23,0
DA:24,0
DA:26,0
DA:27,0
DA:29,0
DA:30,0
DA:31,0
DA:34,0
DA:35,0
DA:37,0
DA:39,0
DA:40,0
DA:44,0
DA:45,0
DA:48,0
DA:49,0
DA:52,0
DA:53,0
DA:55,0
DA:56,0
DA:57,0
DA:60,0
DA:62,0
DA:63,0
DA:65,0
DA:68,0
DA:69,0
DA:72,0
DA:73,0
DA:76,0
LF:43
LH:0
BRDA:4,0,0,0
BRDA:6,1,0,0
BRDA:6,1,1,0
BRDA:12,2,0,0
BRDA:14,3,0,0
BRDA:14,3,1,0
BRDA:17,4,0,0
BRDA:19,5,0,0
BRDA:19,5,1,0
BRDA:25,6,0,0
BRDA:27,7,0,0
BRDA:27,7,1,0
BRDA:33,8,0,0
BRDA:35,9,0,0
BRDA:35,9,1,0
BRDA:41,10,0,0
BRDA:41,10,1,0
BRDA:47,11,0,0
BRDA:49,12,0,0
BRDA:49,12,1,0
BRDA:51,13,0,0
BRDA:53,14,0,0
BRDA:53,14,1,0
BRDA:61,15,0,0
BRDA:63,16,0,0
BRDA:63,16,1,0
BRF:26
BRH:0
end_of_record
TN:
SF:src\api\user.js
FN:4,(anonymous_0)
FN:9,(anonymous_1)
FN:14,(anonymous_2)
FN:18,(anonymous_3)
FN:20,(anonymous_4)
FN:21,(anonymous_5)
FN:23,(anonymous_6)
FN:27,(anonymous_7)
FN:28,(anonymous_8)
FN:29,(anonymous_9)
FN:31,(anonymous_10)
FN:35,(anonymous_11)
FN:40,(anonymous_12)
FN:41,(anonymous_13)
FN:42,(anonymous_14)
FNF:15
FNH:0
FNDA:0,(anonymous_0)
FNDA:0,(anonymous_1)
FNDA:0,(anonymous_2)
FNDA:0,(anonymous_3)
FNDA:0,(anonymous_4)
FNDA:0,(anonymous_5)
FNDA:0,(anonymous_6)
FNDA:0,(anonymous_7)
FNDA:0,(anonymous_8)
FNDA:0,(anonymous_9)
FNDA:0,(anonymous_10)
FNDA:0,(anonymous_11)
FNDA:0,(anonymous_12)
FNDA:0,(anonymous_13)
FNDA:0,(anonymous_14)
DA:3,0
DA:5,0
DA:6,0
DA:10,0
DA:11,0
DA:15,0
DA:16,0
DA:18,0
DA:20,0
DA:21,0
DA:24,0
DA:25,0
DA:27,0
DA:28,0
DA:29,0
DA:32,0
DA:33,0
DA:36,0
DA:40,0
DA:41,0
DA:42,0
LF:21
LH:0
BRDA:4,0,0,0
BRDA:9,1,0,0
BRDA:14,2,0,0
BRDA:16,3,0,0
BRDA:16,3,1,0
BRDA:23,4,0,0
BRDA:25,5,0,0
BRDA:25,5,1,0
BRDA:31,6,0,0
BRDA:33,7,0,0
BRDA:33,7,1,0
BRF:11
BRH:0
end_of_record
TN:
SF:src\components\admin\ActivityTimeline.jsx
FN:3,(anonymous_0)
FN:14,(anonymous_1)
FNF:2
FNH:0
FNDA:0,(anonymous_0)
FNDA:0,(anonymous_1)
DA:3,0
DA:4,0
DA:12,0
DA:15,0
LF:4
LH:0
BRDA:3,0,0,0
BRDA:23,1,0,0
BRDA:23,1,1,0
BRDA:26,2,0,0
BRDA:26,2,1,0
BRF:5
BRH:0
end_of_record
TN:
SF:src\components\admin\AdminQuickActions.jsx
FN:14,(anonymous_0)
FN:17,(anonymous_1)
FNF:2
FNH:0
FNDA:0,(anonymous_0)
FNDA:0,(anonymous_1)
DA:5,0
DA:14,0
DA:15,0
DA:18,0
LF:4
LH:0
BRDA:28,0,0,0
BRDA:28,0,1,0
BRF:2
BRH:0
end_of_record
TN:
SF:src\components\admin\AnalyticsOverview.jsx
FN:4,(anonymous_0)
FN:14,(anonymous_1)
FNF:2
FNH:0
FNDA:0,(anonymous_0)
FNDA:0,(anonymous_1)
DA:4,0
DA:5,0
DA:12,0
DA:15,0
LF:4
LH:0
BRDA:26,0,0,0
BRDA:26,0,1,0
BRDA:26,1,0,0
BRDA:26,1,1,0
BRF:4
BRH:0
end_of_record
TN:
SF:src\components\admin\ApprovalQueue.jsx
FN:4,(anonymous_0)
FN:17,(anonymous_1)
FN:39,(anonymous_2)
FN:46,(anonymous_3)
FNF:4
FNH:0
FNDA:0,(anonymous_0)
FNDA:0,(anonymous_1)
FNDA:0,(anonymous_2)
FNDA:0,(anonymous_3)
DA:4,0
DA:5,0
DA:6,0
DA:14,0
DA:18,0
DA:39,0
DA:46,0
LF:7
LH:0
BRDA:4,0,0,0
BRDA:5,1,0,0
BRDA:5,1,1,0
BRDA:33,2,0,0
BRDA:33,2,1,0
BRF:5
BRH:0
end_of_record
TN:
SF:src\components\admin\PharmacyPerformanceTable.jsx
FN:12,(anonymous_0)
FN:13,(anonymous_1)
FN:25,(anonymous_2)
FNF:3
FNH:0
FNDA:0,(anonymous_0)
FNDA:0,(anonymous_1)
FNDA:0,(anonymous_2)
DA:4,0
DA:12,0
DA:13,0
DA:15,0
DA:26,0
LF:5
LH:0
BRF:0
BRH:0
end_of_record
TN:
SF:src\components\admin\RecentActivityFeed.jsx
FN:20,(anonymous_0)
FN:23,(anonymous_1)
FNF:2
FNH:0
FNDA:0,(anonymous_0)
FNDA:0,(anonymous_1)
DA:4,0
DA:12,0
DA:20,0
DA:21,0
DA:24,0
LF:5
LH:0
BRDA:20,0,0,0
BRDA:31,1,0,0
BRDA:31,1,1,0
BRF:3
BRH:0
end_of_record
TN:
SF:src\components\admin\RevenueCard.jsx
FN:5,(anonymous_0)
FN:7,(anonymous_1)
FN:23,(anonymous_2)
FN:26,(anonymous_3)
FN:37,(anonymous_4)
FN:57,(anonymous_5)
FNF:6
FNH:0
FNDA:0,(anonymous_0)
FNDA:0,(anonymous_1)
FNDA:0,(anonymous_2)
FNDA:0,(anonymous_3)
FNDA:0,(anonymous_4)
FNDA:0,(anonymous_5)
DA:5,0
DA:6,0
DA:7,0
DA:9,0
DA:24,0
DA:26,0
DA:38,0
DA:58,0
LF:8
LH:0
BRDA:14,0,0,0
BRDA:14,0,1,0
BRDA:28,1,0,0
BRDA:28,1,1,0
BRF:4
BRH:0
end_of_record
TN:
SF:src\components\admin\SystemHealthWidget.jsx
FN:5,(anonymous_0)
FN:15,(anonymous_1)
FN:16,(anonymous_2)
FN:17,(anonymous_3)
FN:25,(anonymous_4)
FN:28,(anonymous_5)
FN:45,(anonymous_6)
FNF:7
FNH:0
FNDA:0,(anonymous_0)
FNDA:0,(anonymous_1)
FNDA:0,(anonymous_2)
FNDA:0,(anonymous_3)
FNDA:0,(anonymous_4)
FNDA:0,(anonymous_5)
FNDA:0,(anonymous_6)
DA:5,0
DA:6,0
DA:15,0
DA:16,0
DA:17,0
DA:25,0
DA:28,0
DA:29,0
DA:30,0
DA:31,0
DA:34,0
DA:43,0
DA:46,0
LF:13
LH:0
BRDA:29,0,0,0
BRDA:29,0,1,0
BRDA:30,1,0,0
BRDA:30,1,1,0
BRF:4
BRH:0
end_of_record
TN:
SF:src\components\admin\UserGrowthChart.jsx
FN:3,(anonymous_0)
FN:4,(anonymous_1)
FN:5,(anonymous_2)
FN:32,(anonymous_3)
FN:41,(anonymous_4)
FN:53,(anonymous_5)
FN:73,(anonymous_6)
FNF:7
FNH:0
FNDA:0,(anonymous_0)
FNDA:0,(anonymous_1)
FNDA:0,(anonymous_2)
FNDA:0,(anonymous_3)
FNDA:0,(anonymous_4)
FNDA:0,(anonymous_5)
FNDA:0,(anonymous_6)
DA:3,0
DA:4,0
DA:5,0
DA:7,0
DA:33,0
DA:34,0
DA:35,0
DA:42,0
DA:43,0
DA:44,0
DA:54,0
DA:55,0
DA:56,0
DA:74,0
LF:14
LH:0
BRDA:3,0,0,0
BRDA:3,1,0,0
BRDA:3,2,0,0
BRDA:3,3,0,0
BRDA:13,4,0,0
BRDA:13,4,1,0
BRF:6
BRH:0
end_of_record
TN:
SF:src\components\chatbot\ChatbotFloating.jsx
FN:14,(anonymous_0)
FN:23,(anonymous_1)
FN:27,(anonymous_2)
FN:31,(anonymous_3)
FN:33,(anonymous_4)
FN:45,(anonymous_5)
FN:47,(anonymous_6)
FN:58,(anonymous_7)
FN:64,(anonymous_8)
FN:71,(anonymous_9)
FN:94,(anonymous_10)
FN:100,(anonymous_11)
FN:122,(anonymous_12)
FN:125,(anonymous_13)
FN:155,(anonymous_14)
FNF:15
FNH:0
FNDA:0,(anonymous_0)
FNDA:0,(anonymous_1)
FNDA:0,(anonymous_2)
FNDA:0,(anonymous_3)
FNDA:0,(anonymous_4)
FNDA:0,(anonymous_5)
FNDA:0,(anonymous_6)
FNDA:0,(anonymous_7)
FNDA:0,(anonymous_8)
FNDA:0,(anonymous_9)
FNDA:0,(anonymous_10)
FNDA:0,(anonymous_11)
FNDA:0,(anonymous_12)
FNDA:0,(anonymous_13)
FNDA:0,(anonymous_14)
DA:6,0
DA:14,0
DA:15,0
DA:16,0
DA:19,0
DA:20,0
DA:21,0
DA:23,0
DA:24,0
DA:27,0
DA:28,0
DA:31,0
DA:32,0
DA:33,0
DA:34,0
DA:35,0
DA:37,0
DA:38,0
DA:39,0
DA:45,0
DA:47,0
DA:54,0
DA:58,0
DA:59,0
DA:60,0
DA:61,0
DA:64,0
DA:65,0
DA:68,0
DA:71,0
DA:94,0
DA:101,0
DA:123,0
DA:125,0
DA:155,0
LF:35
LH:0
BRDA:43,0,0,0
BRDA:43,0,1,0
BRDA:60,1,0,0
BRDA:60,1,1,0
BRDA:60,2,0,0
BRDA:60,2,1,0
BRDA:74,3,0,0
BRDA:74,3,1,0
BRDA:78,4,0,0
BRDA:78,4,1,0
BRDA:102,5,0,0
BRDA:102,5,1,0
BRDA:104,6,0,0
BRDA:104,6,1,0
BRDA:106,7,0,0
BRDA:106,7,1,0
BRDA:113,8,0,0
BRDA:113,8,1,0
BRDA:120,9,0,0
BRDA:120,9,1,0
BRDA:120,9,2,0
BRDA:135,10,0,0
BRDA:135,10,1,0
BRDA:162,11,0,0
BRDA:162,11,1,0
BRF:25
BRH:0
end_of_record
TN:
SF:src\components\common\ErrorBoundary.jsx
FN:6,constructor
FN:11,getDerivedStateFromError
FN:15,componentDidCatch
FN:19,(anonymous_3)
FN:24,(anonymous_4)
FN:29,render
FNF:6
FNH:0
FNDA:0,constructor
FNDA:0,getDerivedStateFromError
FNDA:0,componentDidCatch
FNDA:0,(anonymous_3)
FNDA:0,(anonymous_4)
FNDA:0,render
DA:7,0
DA:8,0
DA:12,0
DA:16,0
DA:19,0
DA:20,0
DA:21,0
DA:24,0
DA:25,0
DA:26,0
DA:30,0
DA:31,0
DA:73,0
LF:13
LH:0
BRDA:30,0,0,0
BRDA:30,0,1,0
BRF:2
BRH:0
end_of_record
TN:
SF:src\components\common\InstallPWA.jsx
FN:5,(anonymous_0)
FN:11,(anonymous_1)
FN:18,(anonymous_2)
FN:21,(anonymous_3)
FN:35,(anonymous_4)
FN:40,(anonymous_5)
FN:52,(anonymous_6)
FN:59,(anonymous_7)
FNF:8
FNH:0
FNDA:0,(anonymous_0)
FNDA:0,(anonymous_1)
FNDA:0,(anonymous_2)
FNDA:0,(anonymous_3)
FNDA:0,(anonymous_4)
FNDA:0,(anonymous_5)
FNDA:0,(anonymous_6)
FNDA:0,(anonymous_7)
DA:5,0
DA:6,0
DA:7,0
DA:8,0
DA:9,0
DA:11,0
DA:12,0
DA:13,0
DA:14,0
DA:15,0
DA:18,0
DA:19,0
DA:20,0
DA:21,0
DA:22,0
DA:23,0
DA:28,0
DA:30,0
DA:31,0
DA:32,0
DA:35,0
DA:36,0
DA:40,0
DA:41,0
DA:42,0
DA:43,0
DA:44,0
DA:45,0
DA:46,0
DA:47,0
DA:49,0
DA:52,0
DA:53,0
DA:54,0
DA:55,0
DA:56,0
DA:59,0
DA:60,0
DA:63,0
DA:65,0
LF:40
LH:0
BRDA:13,0,0,0
BRDA:13,0,1,0
BRDA:22,1,0,0
BRDA:22,1,1,0
BRDA:31,2,0,0
BRDA:31,2,1,0
BRDA:41,3,0,0
BRDA:41,3,1,0
BRDA:44,4,0,0
BRDA:44,4,1,0
BRDA:63,5,0,0
BRDA:63,5,1,0
BRDA:68,6,0,0
BRDA:68,6,1,0
BRDA:68,6,2,0
BRDA:112,7,0,0
BRDA:112,7,1,0
BRF:17
BRH:0
end_of_record
TN:
SF:src\components\common\LogoutModal.jsx
FN:7,(anonymous_0)
FN:11,(anonymous_1)
FNF:2
FNH:0
FNDA:0,(anonymous_0)
FNDA:0,(anonymous_1)
DA:7,0
DA:8,0
DA:9,0
DA:11,0
DA:12,0
DA:13,0
DA:14,0
DA:17,0
LF:8
LH:0
BRDA:19,0,0,0
BRDA:19,0,1,0
BRF:2
BRH:0
end_of_record
TN:
SF:src\components\common\OfflineBanner.jsx
FN:4,(anonymous_0)
FNF:1
FNH:0
FNDA:0,(anonymous_0)
DA:4,0
DA:5,0
LF:2
LH:0
BRDA:7,0,0,0
BRDA:7,0,1,0
BRDA:21,1,0,0
BRDA:21,1,1,0
BRDA:21,1,2,0
BRF:5
BRH:0
end_of_record
TN:
SF:src\components\common\OfflineScreen.jsx
FN:4,(anonymous_0)
FNF:1
FNH:0
FNDA:0,(anonymous_0)
DA:4,0
DA:5,0
LF:2
LH:0
BRF:0
BRH:0
end_of_record
TN:
SF:src\components\common\Reveal.jsx
FN:3,(anonymous_0)
FNF:1
FNH:0
FNDA:0,(anonymous_0)
DA:3,0
DA:4,0
LF:2
LH:0
BRDA:3,0,0,0
BRDA:3,1,0,0
BRDA:3,2,0,0
BRDA:3,3,0,0
BRF:4
BRH:0
end_of_record
TN:
SF:src\components\common\RouteTransitionLoader.jsx
FN:5,(anonymous_0)
FN:9,(anonymous_1)
FN:10,(anonymous_2)
FN:11,(anonymous_3)
FNF:4
FNH:0
FNDA:0,(anonymous_0)
FNDA:0,(anonymous_1)
FNDA:0,(anonymous_2)
FNDA:0,(anonymous_3)
DA:5,0
DA:6,0
DA:7,0
DA:9,0
DA:10,0
DA:11,0
DA:14,0
LF:7
LH:0
BRDA:16,0,0,0
BRDA:16,0,1,0
BRF:2
BRH:0
end_of_record
TN:
SF:src\components\common\ScrollToTop.jsx
FN:5,(anonymous_0)
FN:10,(anonymous_1)
FN:17,(anonymous_2)
FN:30,(anonymous_3)
FNF:4
FNH:0
FNDA:0,(anonymous_0)
FNDA:0,(anonymous_1)
FNDA:0,(anonymous_2)
FNDA:0,(anonymous_3)
DA:5,0
DA:6,0
DA:7,0
DA:8,0
DA:10,0
DA:11,0
DA:13,0
DA:14,0
DA:15,0
DA:16,0
DA:17,0
DA:18,0
DA:19,0
DA:22,0
DA:23,0
DA:25,0
DA:27,0
DA:30,0
DA:31,0
DA:34,0
LF:20
LH:0
BRDA:11,0,0,0
BRDA:11,0,1,0
BRDA:13,1,0,0
BRDA:13,1,1,0
BRDA:16,2,0,0
BRDA:16,2,1,0
BRDA:16,3,0,0
BRDA:16,3,1,0
BRDA:22,4,0,0
BRDA:22,4,1,0
BRF:10
BRH:0
end_of_record
TN:
SF:src\components\common\SessionExpiredModal.jsx
FN:6,(anonymous_0)
FNF:1
FNH:0
FNDA:0,(anonymous_0)
DA:6,0
DA:7,0
DA:9,0
LF:3
LH:0
BRDA:11,0,0,0
BRDA:11,0,1,0
BRF:2
BRH:0
end_of_record
TN:
SF:src\components\common\SmoothScroll.jsx
FN:5,(anonymous_0)
FN:8,(anonymous_1)
FN:13,(anonymous_2)
FN:19,(anonymous_3)
FNF:4
FNH:0
FNDA:0,(anonymous_0)
FNDA:0,(anonymous_1)
FNDA:0,(anonymous_2)
FNDA:0,(anonymous_3)
DA:5,0
DA:6,0
DA:8,0
DA:9,0
DA:10,0
DA:11,0
DA:13,0
DA:14,0
DA:16,0
DA:17,0
DA:19,0
DA:22,0
LF:12
LH:0
BRDA:11,0,0,0
BRDA:11,0,1,0
BRDA:14,1,0,0
BRDA:14,1,1,0
BRF:4
BRH:0
end_of_record
TN:
SF:src\components\common\SplashPreloader.jsx
FN:4,(anonymous_0)
FN:48,(anonymous_1)
FN:93,(anonymous_2)
FN:98,(anonymous_3)
FN:99,(anonymous_4)
FN:100,(anonymous_5)
FN:106,(anonymous_6)
FN:108,(anonymous_7)
FN:109,(anonymous_8)
FN:110,(anonymous_9)
FN:113,(anonymous_10)
FNF:11
FNH:0
FNDA:0,(anonymous_0)
FNDA:0,(anonymous_1)
FNDA:0,(anonymous_2)
FNDA:0,(anonymous_3)
FNDA:0,(anonymous_4)
FNDA:0,(anonymous_5)
FNDA:0,(anonymous_6)
FNDA:0,(anonymous_7)
FNDA:0,(anonymous_8)
FNDA:0,(anonymous_9)
FNDA:0,(anonymous_10)
DA:4,0
DA:5,0
DA:6,0
DA:8,0
DA:48,0
DA:49,0
DA:93,0
DA:94,0
DA:95,0
DA:96,0
DA:98,0
DA:99,0
DA:100,0
DA:101,0
DA:102,0
DA:106,0
DA:107,0
DA:108,0
DA:109,0
DA:110,0
DA:113,0
DA:114,0
DA:115,0
DA:119,0
DA:121,0
LF:25
LH:0
BRDA:93,0,0,0
BRDA:101,1,0,0
BRDA:101,1,1,0
BRDA:119,2,0,0
BRDA:119,2,1,0
BRDA:202,3,0,0
BRDA:202,3,1,0
BRF:7
BRH:0
end_of_record
TN:
SF:src\components\common\ToastProvider.jsx
FN:23,(anonymous_0)
FN:57,(anonymous_1)
FN:57,(anonymous_2)
FN:58,(anonymous_3)
FN:58,(anonymous_4)
FN:59,(anonymous_5)
FN:59,(anonymous_6)
FNF:7
FNH:0
FNDA:0,(anonymous_0)
FNDA:0,(anonymous_1)
FNDA:0,(anonymous_2)
FNDA:0,(anonymous_3)
FNDA:0,(anonymous_4)
FNDA:0,(anonymous_5)
FNDA:0,(anonymous_6)
DA:4,0
DA:23,0
DA:24,0
DA:56,0
DA:57,0
DA:58,0
DA:59,0
LF:7
LH:0
BRF:0
BRH:0
end_of_record
TN:
SF:src\components\common\UserDropdown.jsx
FN:8,(anonymous_0)
FN:14,(anonymous_1)
FN:47,(anonymous_2)
FN:66,(anonymous_3)
FN:91,(anonymous_4)
FN:94,(anonymous_5)
FN:105,(anonymous_6)
FN:118,(anonymous_7)
FNF:8
FNH:0
FNDA:0,(anonymous_0)
FNDA:0,(anonymous_1)
FNDA:0,(anonymous_2)
FNDA:0,(anonymous_3)
FNDA:0,(anonymous_4)
FNDA:0,(anonymous_5)
FNDA:0,(anonymous_6)
FNDA:0,(anonymous_7)
DA:8,0
DA:9,0
DA:10,0
DA:11,0
DA:12,0
DA:14,0
DA:15,0
DA:16,0
DA:17,0
DA:22,0
DA:23,0
DA:27,0
DA:28,0
DA:33,0
DA:37,0
DA:38,0
DA:41,0
DA:43,0
DA:47,0
DA:66,0
DA:92,0
DA:94,0
DA:105,0
DA:118,0
LF:24
LH:0
BRDA:16,0,0,0
BRDA:16,0,1,0
BRDA:22,1,0,0
BRDA:22,1,1,0
BRDA:27,2,0,0
BRDA:27,2,1,0
BRDA:52,3,0,0
BRDA:52,3,1,0
BRDA:58,4,0,0
BRDA:58,4,1,0
BRDA:58,5,0,0
BRDA:58,5,1,0
BRDA:58,6,0,0
BRDA:58,6,1,0
BRDA:64,7,0,0
BRDA:64,7,1,0
BRDA:77,8,0,0
BRDA:77,8,1,0
BRDA:86,9,0,0
BRDA:86,9,1,0
BRDA:86,10,0,0
BRDA:86,10,1,0
BRDA:86,11,0,0
BRDA:86,11,1,0
BRF:24
BRH:0
end_of_record
TN:
SF:src\components\demo\DemoBadge.jsx
FN:3,(anonymous_0)
FN:23,(anonymous_1)
FNF:2
FNH:0
FNDA:0,(anonymous_0)
FNDA:0,(anonymous_1)
DA:3,0
DA:4,0
DA:8,0
DA:23,0
DA:24,0
LF:5
LH:0
BRDA:3,0,0,0
BRDA:4,1,0,0
BRDA:4,1,1,0
BRDA:17,2,0,0
BRDA:17,2,1,0
BRF:5
BRH:0
end_of_record
TN:
SF:src\components\demo\DemoFlowLayout.jsx
FN:6,(anonymous_0)
FN:11,(anonymous_1)
FN:34,(anonymous_2)
FN:60,(anonymous_3)
FN:77,(anonymous_4)
FN:79,(anonymous_5)
FN:83,(anonymous_6)
FN:123,(anonymous_7)
FN:142,(anonymous_8)
FN:144,(anonymous_9)
FN:148,(anonymous_10)
FN:185,(anonymous_11)
FN:204,(anonymous_12)
FN:208,(anonymous_13)
FN:213,(anonymous_14)
FNF:15
FNH:0
FNDA:0,(anonymous_0)
FNDA:0,(anonymous_1)
FNDA:0,(anonymous_2)
FNDA:0,(anonymous_3)
FNDA:0,(anonymous_4)
FNDA:0,(anonymous_5)
FNDA:0,(anonymous_6)
FNDA:0,(anonymous_7)
FNDA:0,(anonymous_8)
FNDA:0,(anonymous_9)
FNDA:0,(anonymous_10)
FNDA:0,(anonymous_11)
FNDA:0,(anonymous_12)
FNDA:0,(anonymous_13)
FNDA:0,(anonymous_14)
DA:6,0
DA:7,0
DA:12,0
DA:34,0
DA:35,0
DA:36,0
DA:60,0
DA:77,0
DA:78,0
DA:79,0
DA:83,0
DA:84,0
DA:85,0
DA:123,0
DA:142,0
DA:143,0
DA:144,0
DA:148,0
DA:149,0
DA:150,0
DA:185,0
DA:204,0
DA:205,0
DA:208,0
DA:213,0
DA:224,0
DA:226,0
LF:27
LH:0
BRDA:26,0,0,0
BRDA:26,0,1,0
BRDA:99,1,0,0
BRDA:99,1,1,0
BRDA:218,2,0,0
BRDA:219,3,0,0
BRDA:220,4,0,0
BRDA:221,5,0,0
BRDA:245,6,0,0
BRDA:245,6,1,0
BRDA:247,7,0,0
BRDA:247,7,1,0
BRDA:248,8,0,0
BRDA:248,8,1,0
BRDA:249,9,0,0
BRDA:249,9,1,0
BRDA:251,10,0,0
BRDA:251,10,1,0
BRDA:258,11,0,0
BRDA:258,11,1,0
BRDA:259,12,0,0
BRDA:259,12,1,0
BRDA:263,13,0,0
BRDA:263,13,1,0
BRDA:264,14,0,0
BRDA:264,14,1,0
BRF:26
BRH:0
end_of_record
TN:
SF:src\components\demo\DemoNavigationPanel.jsx
FN:19,(anonymous_0)
FN:31,(anonymous_1)
FN:51,(anonymous_2)
FN:71,(anonymous_3)
FN:81,(anonymous_4)
FN:87,(anonymous_5)
FNF:6
FNH:0
FNDA:0,(anonymous_0)
FNDA:0,(anonymous_1)
FNDA:0,(anonymous_2)
FNDA:0,(anonymous_3)
FNDA:0,(anonymous_4)
FNDA:0,(anonymous_5)
DA:9,0
DA:19,0
DA:20,0
DA:21,0
DA:22,0
DA:24,0
DA:26,0
DA:28,0
DA:31,0
DA:51,0
DA:71,0
DA:82,0
DA:83,0
DA:84,0
DA:88,0
DA:89,0
LF:16
LH:0
BRDA:26,0,0,0
BRDA:26,0,1,0
BRDA:44,1,0,0
BRDA:44,1,1,0
BRDA:92,2,0,0
BRDA:92,2,1,0
BRDA:96,3,0,0
BRDA:96,3,1,0
BRDA:99,4,0,0
BRDA:99,4,1,0
BRDA:101,5,0,0
BRDA:101,5,1,0
BRDA:104,6,0,0
BRDA:104,6,1,0
BRF:14
BRH:0
end_of_record
TN:
SF:src\components\demo\DemoOverviewCards.jsx
FN:75,(anonymous_0)
FN:85,(anonymous_1)
FN:91,(anonymous_2)
FNF:3
FNH:0
FNDA:0,(anonymous_0)
FNDA:0,(anonymous_1)
FNDA:0,(anonymous_2)
DA:8,0
DA:59,0
DA:67,0
DA:75,0
DA:76,0
DA:78,0
DA:86,0
DA:87,0
DA:91,0
LF:9
LH:0
BRF:0
BRH:0
end_of_record
TN:
SF:src\components\distributor\DeliveryPerformanceWidget.jsx
FN:4,(anonymous_0)
FN:14,(anonymous_1)
FNF:2
FNH:0
FNDA:0,(anonymous_0)
FNDA:0,(anonymous_1)
DA:4,0
DA:5,0
DA:12,0
DA:15,0
LF:4
LH:0
BRDA:6,0,0,0
BRDA:6,0,1,0
BRDA:6,1,0,0
BRDA:6,1,1,0
BRDA:7,2,0,0
BRDA:7,2,1,0
BRDA:7,3,0,0
BRDA:7,3,1,0
BRDA:8,4,0,0
BRDA:8,4,1,0
BRDA:8,5,0,0
BRDA:8,5,1,0
BRDA:9,6,0,0
BRDA:9,6,1,0
BRDA:9,7,0,0
BRDA:9,7,1,0
BRDA:24,8,0,0
BRDA:24,8,1,0
BRDA:25,9,0,0
BRDA:25,9,1,0
BRF:20
BRH:0
end_of_record
TN:
SF:src\components\distributor\DeliveryStats.jsx
FN:4,(anonymous_0)
FN:25,(anonymous_1)
FNF:2
FNH:0
FNDA:0,(anonymous_0)
FNDA:0,(anonymous_1)
DA:4,0
DA:5,0
DA:14,0
DA:23,0
DA:26,0
LF:5
LH:0
BRDA:5,0,0,0
BRDA:5,0,1,0
BRF:2
BRH:0
end_of_record
TN:
SF:src\components\distributor\DeliveryTimeline.jsx
FN:13,(anonymous_0)
FN:14,(anonymous_1)
FN:18,(anonymous_2)
FNF:3
FNH:0
FNDA:0,(anonymous_0)
FNDA:0,(anonymous_1)
FNDA:0,(anonymous_2)
DA:4,0
DA:13,0
DA:14,0
DA:16,0
DA:19,0
DA:20,0
DA:21,0
LF:7
LH:0
BRDA:13,0,0,0
BRDA:19,1,0,0
BRDA:19,1,1,0
BRDA:33,2,0,0
BRDA:33,2,1,0
BRDA:47,3,0,0
BRDA:47,3,1,0
BRF:7
BRH:0
end_of_record
TN:
SF:src\components\distributor\DistributionHeatmap.jsx
FN:3,(anonymous_0)
FN:15,(anonymous_1)
FN:19,(anonymous_2)
FNF:3
FNH:0
FNDA:0,(anonymous_0)
FNDA:0,(anonymous_1)
FNDA:0,(anonymous_2)
DA:3,0
DA:4,0
DA:15,0
DA:17,0
DA:20,0
DA:21,0
LF:6
LH:0
BRDA:3,0,0,0
BRDA:4,1,0,0
BRDA:4,1,1,0
BRDA:33,2,0,0
BRDA:33,2,1,0
BRDA:33,3,0,0
BRDA:33,3,1,0
BRF:7
BRH:0
end_of_record
TN:
SF:src\components\distributor\DistributorQuickActions.jsx
FN:5,(anonymous_0)
FN:28,(anonymous_1)
FN:35,(anonymous_2)
FNF:3
FNH:0
FNDA:0,(anonymous_0)
FNDA:0,(anonymous_1)
FNDA:0,(anonymous_2)
DA:5,0
DA:6,0
DA:8,0
DA:17,0
DA:26,0
DA:29,0
DA:35,0
LF:7
LH:0
BRF:0
BRH:0
end_of_record
TN:
SF:src\components\distributor\DistributorRevenueChart.jsx
FN:3,(anonymous_0)
FN:13,(anonymous_1)
FN:18,(anonymous_2)
FN:40,(anonymous_3)
FNF:4
FNH:0
FNDA:0,(anonymous_0)
FNDA:0,(anonymous_1)
FNDA:0,(anonymous_2)
FNDA:0,(anonymous_3)
DA:3,0
DA:4,0
DA:13,0
DA:15,0
DA:19,0
DA:41,0
LF:6
LH:0
BRDA:3,0,0,0
BRDA:4,1,0,0
BRDA:4,1,1,0
BRF:3
BRH:0
end_of_record
TN:
SF:src\components\distributor\DriverStatusCard.jsx
FN:10,(anonymous_0)
FN:13,(anonymous_1)
FNF:2
FNH:0
FNDA:0,(anonymous_0)
FNDA:0,(anonymous_1)
DA:4,0
DA:10,0
DA:11,0
DA:14,0
LF:4
LH:0
BRDA:10,0,0,0
BRDA:27,1,0,0
BRDA:27,1,1,0
BRDA:27,2,0,0
BRDA:27,2,1,0
BRDA:40,3,0,0
BRDA:40,3,1,0
BRF:7
BRH:0
end_of_record
TN:
SF:src\components\distributor\OrdersQueueWidget.jsx
FN:10,(anonymous_0)
FN:11,(anonymous_1)
FN:22,(anonymous_2)
FN:55,(anonymous_3)
FNF:4
FNH:0
FNDA:0,(anonymous_0)
FNDA:0,(anonymous_1)
FNDA:0,(anonymous_2)
FNDA:0,(anonymous_3)
DA:4,0
DA:10,0
DA:11,0
DA:13,0
DA:23,0
DA:24,0
DA:55,0
LF:7
LH:0
BRDA:10,0,0,0
BRDA:11,1,0,0
BRDA:11,1,1,0
BRDA:16,2,0,0
BRDA:16,2,1,0
BRDA:23,3,0,0
BRDA:23,3,1,0
BRDA:53,4,0,0
BRDA:53,4,1,0
BRF:9
BRH:0
end_of_record
TN:
SF:src\components\distributor\RouteMapPreview.jsx
FN:4,(anonymous_0)
FN:36,(anonymous_1)
FNF:2
FNH:0
FNDA:0,(anonymous_0)
FNDA:0,(anonymous_1)
DA:4,0
DA:5,0
DA:12,0
DA:18,0
DA:37,0
LF:5
LH:0
BRDA:4,0,0,0
BRDA:5,1,0,0
BRDA:5,1,1,0
BRF:3
BRH:0
end_of_record
TN:
SF:src\components\distributor\ShipmentCard.jsx
FN:13,(anonymous_0)
FN:19,(anonymous_1)
FNF:2
FNH:0
FNDA:0,(anonymous_0)
FNDA:0,(anonymous_1)
DA:4,0
DA:13,0
DA:14,0
DA:16,0
DA:19,0
LF:5
LH:0
BRDA:14,0,0,0
BRDA:14,0,1,0
BRDA:52,1,0,0
BRDA:52,1,1,0
BRF:4
BRH:0
end_of_record
TN:
SF:src\components\distributor\ShipmentProgressTracker.jsx
FN:4,(anonymous_0)
FN:15,(anonymous_1)
FN:21,(anonymous_2)
FNF:3
FNH:0
FNDA:0,(anonymous_0)
FNDA:0,(anonymous_1)
FNDA:0,(anonymous_2)
DA:4,0
DA:5,0
DA:7,0
DA:15,0
DA:16,0
DA:18,0
DA:22,0
DA:23,0
DA:24,0
DA:25,0
LF:10
LH:0
BRDA:5,0,0,0
BRDA:5,0,1,0
BRDA:22,1,0,0
BRDA:22,1,1,0
BRDA:24,2,0,0
BRDA:24,2,1,0
BRDA:29,3,0,0
BRDA:29,3,1,0
BRDA:31,4,0,0
BRDA:31,4,1,0
BRDA:33,5,0,0
BRDA:33,5,1,0
BRDA:35,6,0,0
BRDA:35,6,1,0
BRDA:43,7,0,0
BRDA:43,7,1,0
BRDA:43,8,0,0
BRDA:43,8,1,0
BRDA:43,9,0,0
BRDA:43,9,1,0
BRDA:55,10,0,0
BRDA:55,10,1,0
BRDA:58,11,0,0
BRDA:58,11,1,0
BRF:24
BRH:0
end_of_record
TN:
SF:src\components\distributor\ShipmentTable.jsx
FN:15,(anonymous_0)
FN:19,(anonymous_1)
FN:26,(anonymous_2)
FN:37,(anonymous_3)
FN:40,(anonymous_4)
FN:48,(anonymous_5)
FN:64,(anonymous_6)
FN:70,(anonymous_7)
FN:73,(anonymous_8)
FNF:9
FNH:0
FNDA:0,(anonymous_0)
FNDA:0,(anonymous_1)
FNDA:0,(anonymous_2)
FNDA:0,(anonymous_3)
FNDA:0,(anonymous_4)
FNDA:0,(anonymous_5)
FNDA:0,(anonymous_6)
FNDA:0,(anonymous_7)
FNDA:0,(anonymous_8)
DA:6,0
DA:15,0
DA:16,0
DA:17,0
DA:19,0
DA:20,0
DA:21,0
DA:22,0
DA:25,0
DA:27,0
DA:37,0
DA:41,0
DA:48,0
DA:52,0
DA:53,0
DA:56,0
DA:64,0
DA:71,0
DA:73,0
LF:19
LH:0
BRDA:15,0,0,0
BRDA:20,1,0,0
BRDA:20,1,1,0
BRDA:20,1,2,0
BRDA:21,2,0,0
BRDA:21,2,1,0
BRDA:22,3,0,0
BRDA:22,3,1,0
BRDA:52,4,0,0
BRDA:52,4,1,0
BRDA:75,5,0,0
BRDA:75,5,1,0
BRDA:78,6,0,0
BRDA:78,6,1,0
BRF:14
BRH:0
end_of_record
TN:
SF:src\components\forms\FormWrapper.jsx
FN:4,(anonymous_0)
FNF:1
FNH:0
FNDA:0,(anonymous_0)
DA:4,0
DA:17,0
LF:2
LH:0
BRDA:9,0,0,0
BRDA:10,1,0,0
BRDA:14,2,0,0
BRDA:25,3,0,0
BRDA:25,3,1,0
BRDA:25,3,2,0
BRDA:27,4,0,0
BRDA:27,4,1,0
BRDA:37,5,0,0
BRDA:37,5,1,0
BRDA:38,6,0,0
BRDA:38,6,1,0
BRDA:42,7,0,0
BRDA:42,7,1,0
BRDA:53,8,0,0
BRDA:53,8,1,0
BRDA:75,9,0,0
BRDA:75,9,1,0
BRDA:94,10,0,0
BRDA:94,10,1,0
BRF:20
BRH:0
end_of_record
TN:
SF:src\components\guest\AuthContinuationModal.jsx
FN:5,(anonymous_0)
FNF:1
FNH:0
FNDA:0,(anonymous_0)
DA:5,0
DA:6,0
LF:2
LH:0
BRDA:8,0,0,0
BRDA:8,0,1,0
BRDA:38,1,0,0
BRDA:38,1,1,0
BRDA:48,2,0,0
BRDA:48,2,1,0
BRDA:51,3,0,0
BRDA:51,3,1,0
BRF:8
BRH:0
end_of_record
TN:
SF:src\components\guest\AuthRequiredModal.jsx
FN:31,(anonymous_0)
FN:53,(anonymous_1)
FN:64,(anonymous_2)
FN:75,(anonymous_3)
FN:86,(anonymous_4)
FN:106,(anonymous_5)
FN:121,(anonymous_6)
FN:168,(anonymous_7)
FN:178,(anonymous_8)
FN:268,(anonymous_9)
FNF:10
FNH:0
FNDA:0,(anonymous_0)
FNDA:0,(anonymous_1)
FNDA:0,(anonymous_2)
FNDA:0,(anonymous_3)
FNDA:0,(anonymous_4)
FNDA:0,(anonymous_5)
FNDA:0,(anonymous_6)
FNDA:0,(anonymous_7)
FNDA:0,(anonymous_8)
FNDA:0,(anonymous_9)
DA:14,0
DA:19,0
DA:25,0
DA:31,0
DA:32,0
DA:33,0
DA:34,0
DA:35,0
DA:36,0
DA:38,0
DA:48,0
DA:50,0
DA:51,0
DA:53,0
DA:54,0
DA:55,0
DA:56,0
DA:57,0
DA:58,0
DA:59,0
DA:61,0
DA:62,0
DA:63,0
DA:64,0
DA:65,0
DA:68,0
DA:71,0
DA:75,0
DA:76,0
DA:77,0
DA:78,0
DA:79,0
DA:80,0
DA:81,0
DA:83,0
DA:84,0
DA:85,0
DA:86,0
DA:87,0
DA:90,0
DA:93,0
DA:97,0
DA:106,0
DA:121,0
DA:168,0
DA:178,0
DA:269,0
LF:47
LH:0
BRDA:31,0,0,0
BRDA:48,1,0,0
BRDA:48,1,1,0
BRDA:61,2,0,0
BRDA:61,2,1,0
BRDA:65,3,0,0
BRDA:65,3,1,0
BRDA:68,4,0,0
BRDA:68,4,1,0
BRDA:83,5,0,0
BRDA:83,5,1,0
BRDA:87,6,0,0
BRDA:87,6,1,0
BRDA:90,7,0,0
BRDA:90,7,1,0
BRDA:99,8,0,0
BRDA:99,8,1,0
BRDA:140,9,0,0
BRDA:140,9,1,0
BRDA:146,10,0,0
BRDA:146,10,1,0
BRDA:158,11,0,0
BRDA:158,11,1,0
BRDA:158,12,0,0
BRDA:158,12,1,0
BRDA:170,13,0,0
BRDA:170,13,1,0
BRDA:180,14,0,0
BRDA:180,14,1,0
BRDA:190,15,0,0
BRDA:190,15,1,0
BRDA:203,16,0,0
BRDA:203,16,1,0
BRDA:211,17,0,0
BRDA:211,17,1,0
BRDA:215,18,0,0
BRDA:215,18,1,0
BRDA:232,19,0,0
BRDA:232,19,1,0
BRDA:240,20,0,0
BRDA:240,20,1,0
BRDA:248,21,0,0
BRDA:248,21,1,0
BRDA:252,22,0,0
BRDA:252,22,1,0
BRF:45
BRH:0
end_of_record
TN:
SF:src\components\guest\ExploreNearbyBanner.jsx
FN:4,(anonymous_0)
FNF:1
FNH:0
FNDA:0,(anonymous_0)
DA:4,0
DA:5,0
LF:2
LH:0
BRDA:4,0,0,0
BRDA:24,1,0,0
BRDA:24,1,1,0
BRF:3
BRH:0
end_of_record
TN:
SF:src\components\guest\FloatingGuestCTA.jsx
FN:5,(anonymous_0)
FN:9,(anonymous_1)
FN:10,(anonymous_2)
FN:13,(anonymous_3)
FN:29,(anonymous_4)
FNF:5
FNH:0
FNDA:0,(anonymous_0)
FNDA:0,(anonymous_1)
FNDA:0,(anonymous_2)
FNDA:0,(anonymous_3)
FNDA:0,(anonymous_4)
DA:5,0
DA:6,0
DA:7,0
DA:9,0
DA:10,0
DA:11,0
DA:13,0
DA:16,0
DA:29,0
LF:9
LH:0
BRDA:5,0,0,0
BRDA:11,1,0,0
BRDA:11,1,1,0
BRDA:18,2,0,0
BRDA:18,2,1,0
BRDA:18,2,2,0
BRF:6
BRH:0
end_of_record
TN:
SF:src\components\guest\GuestNavigationBanner.jsx
FN:4,(anonymous_0)
FNF:1
FNH:0
FNDA:0,(anonymous_0)
DA:4,0
DA:5,0
LF:2
LH:0
BRF:0
BRH:0
end_of_record
TN:
SF:src\components\guest\GuestReservationPrompt.jsx
FN:4,(anonymous_0)
FNF:1
FNH:0
FNDA:0,(anonymous_0)
DA:4,0
DA:5,0
LF:2
LH:0
BRDA:25,0,0,0
BRDA:25,0,1,0
BRDA:30,1,0,0
BRDA:30,1,1,0
BRF:4
BRH:0
end_of_record
TN:
SF:src\components\guest\PublicMedicationPreview.jsx
FN:4,(anonymous_0)
FN:8,(anonymous_1)
FN:31,(anonymous_2)
FN:78,(anonymous_3)
FNF:4
FNH:0
FNDA:0,(anonymous_0)
FNDA:0,(anonymous_1)
FNDA:0,(anonymous_2)
FNDA:0,(anonymous_3)
DA:4,0
DA:5,0
DA:6,0
DA:9,0
DA:19,0
DA:20,0
DA:29,0
DA:32,0
DA:78,0
LF:9
LH:0
BRDA:4,0,0,0
BRDA:5,1,0,0
BRDA:5,1,1,0
BRDA:19,2,0,0
BRDA:19,2,1,0
BRDA:49,3,0,0
BRDA:49,3,1,0
BRDA:54,4,0,0
BRDA:54,4,1,0
BRDA:58,5,0,0
BRDA:58,5,1,0
BRDA:64,6,0,0
BRDA:64,6,1,0
BRDA:69,7,0,0
BRDA:69,7,1,0
BRDA:71,8,0,0
BRDA:71,8,1,0
BRDA:71,9,0,0
BRDA:71,9,1,0
BRDA:33,10,0,0
BRDA:33,10,1,0
BRF:21
BRH:0
end_of_record
TN:
SF:src\components\guest\PublicSearchHero.jsx
FN:9,(anonymous_0)
FN:12,(anonymous_1)
FN:54,(anonymous_2)
FN:74,(anonymous_3)
FN:77,(anonymous_4)
FNF:5
FNH:0
FNDA:0,(anonymous_0)
FNDA:0,(anonymous_1)
FNDA:0,(anonymous_2)
FNDA:0,(anonymous_3)
FNDA:0,(anonymous_4)
DA:5,0
DA:9,0
DA:10,0
DA:12,0
DA:13,0
DA:14,0
DA:17,0
DA:54,0
DA:75,0
DA:78,0
DA:79,0
LF:11
LH:0
BRDA:14,0,0,0
BRDA:14,0,1,0
BRF:2
BRH:0
end_of_record
TN:
SF:src\components\guest\ReservationContinueCard.jsx
FN:4,(anonymous_0)
FNF:1
FNH:0
FNDA:0,(anonymous_0)
DA:4,0
DA:5,0
DA:7,0
LF:3
LH:0
BRDA:5,0,0,0
BRDA:5,0,1,0
BRDA:28,1,0,0
BRDA:28,1,1,0
BRDA:31,2,0,0
BRDA:31,2,1,0
BRF:6
BRH:0
end_of_record
TN:
SF:src\components\guest\ReservationOnboardingCard.jsx
FN:11,(anonymous_0)
FN:31,(anonymous_1)
FNF:2
FNH:0
FNDA:0,(anonymous_0)
FNDA:0,(anonymous_1)
DA:4,0
DA:11,0
DA:12,0
DA:32,0
LF:4
LH:0
BRF:0
BRH:0
end_of_record
TN:
SF:src\components\guest\SmartLoginPrompt.jsx
FN:4,(anonymous_0)
FNF:1
FNH:0
FNDA:0,(anonymous_0)
DA:4,0
DA:5,0
DA:6,0
DA:19,0
LF:4
LH:0
BRDA:4,0,0,0
BRDA:5,1,0,0
BRDA:5,1,1,0
BRDA:33,2,0,0
BRDA:33,2,1,0
BRF:5
BRH:0
end_of_record
TN:
SF:src\components\layout\MobileNav.jsx
FN:24,(anonymous_0)
FN:29,(anonymous_1)
FN:80,(anonymous_2)
FN:90,(anonymous_3)
FN:130,(anonymous_4)
FN:159,(anonymous_5)
FN:167,(anonymous_6)
FN:175,(anonymous_7)
FN:191,(anonymous_8)
FNF:9
FNH:0
FNDA:0,(anonymous_0)
FNDA:0,(anonymous_1)
FNDA:0,(anonymous_2)
FNDA:0,(anonymous_3)
FNDA:0,(anonymous_4)
FNDA:0,(anonymous_5)
FNDA:0,(anonymous_6)
FNDA:0,(anonymous_7)
FNDA:0,(anonymous_8)
DA:24,0
DA:25,0
DA:26,0
DA:27,0
DA:29,0
DA:30,0
DA:31,0
DA:40,0
DA:42,0
DA:44,0
DA:52,0
DA:60,0
DA:68,0
DA:78,0
DA:80,0
DA:81,0
DA:82,0
DA:85,0
DA:91,0
DA:92,0
DA:93,0
DA:130,0
DA:159,0
DA:167,0
DA:175,0
DA:191,0
LF:26
LH:0
BRDA:30,0,0,0
BRDA:30,0,1,0
BRDA:42,1,0,0
BRDA:42,1,1,0
BRDA:42,1,2,0
BRDA:42,1,3,0
BRDA:81,2,0,0
BRDA:81,2,1,0
BRDA:99,3,0,0
BRDA:99,3,1,0
BRDA:107,4,0,0
BRDA:107,4,1,0
BRDA:112,5,0,0
BRDA:112,5,1,0
BRDA:123,6,0,0
BRDA:123,6,1,0
BRDA:143,7,0,0
BRDA:143,7,1,0
BRDA:147,8,0,0
BRDA:147,8,1,0
BRDA:158,9,0,0
BRDA:158,9,1,0
BRDA:173,10,0,0
BRDA:173,10,1,0
BRF:24
BRH:0
end_of_record
TN:
SF:src\components\layout\NotificationDropdown.jsx
FN:15,(anonymous_0)
FN:20,(anonymous_1)
FN:21,(anonymous_2)
FN:26,(anonymous_3)
FN:30,(anonymous_4)
FN:34,(anonymous_5)
FN:53,(anonymous_6)
FN:71,(anonymous_7)
FN:93,(anonymous_8)
FN:117,(anonymous_9)
FN:123,(anonymous_10)
FN:141,(anonymous_11)
FNF:12
FNH:0
FNDA:0,(anonymous_0)
FNDA:0,(anonymous_1)
FNDA:0,(anonymous_2)
FNDA:0,(anonymous_3)
FNDA:0,(anonymous_4)
FNDA:0,(anonymous_5)
FNDA:0,(anonymous_6)
FNDA:0,(anonymous_7)
FNDA:0,(anonymous_8)
FNDA:0,(anonymous_9)
FNDA:0,(anonymous_10)
FNDA:0,(anonymous_11)
DA:6,0
DA:15,0
DA:16,0
DA:18,0
DA:19,0
DA:20,0
DA:21,0
DA:23,0
DA:24,0
DA:26,0
DA:27,0
DA:30,0
DA:31,0
DA:34,0
DA:35,0
DA:36,0
DA:37,0
DA:38,0
DA:39,0
DA:40,0
DA:41,0
DA:42,0
DA:43,0
DA:44,0
DA:45,0
DA:48,0
DA:53,0
DA:71,0
DA:94,0
DA:117,0
DA:123,0
DA:141,0
LF:32
LH:0
BRDA:23,0,0,0
BRDA:23,0,1,0
BRDA:23,0,2,0
BRDA:24,1,0,0
BRDA:24,1,1,0
BRDA:35,2,0,0
BRDA:35,2,1,0
BRDA:40,3,0,0
BRDA:40,3,1,0
BRDA:41,4,0,0
BRDA:41,4,1,0
BRDA:43,5,0,0
BRDA:43,5,1,0
BRDA:57,6,0,0
BRDA:57,6,1,0
BRDA:63,7,0,0
BRDA:63,7,1,0
BRDA:69,8,0,0
BRDA:69,8,1,0
BRDA:80,9,0,0
BRDA:80,9,1,0
BRDA:88,10,0,0
BRDA:88,10,1,0
BRDA:106,11,0,0
BRDA:106,11,1,0
BRF:25
BRH:0
end_of_record
TN:
SF:src\components\layout\SearchCommandBar.jsx
FN:14,(anonymous_0)
FN:19,(anonymous_1)
FN:26,(anonymous_2)
FN:35,(anonymous_3)
FN:36,(anonymous_4)
FN:42,(anonymous_5)
FN:46,(anonymous_6)
FN:56,(anonymous_7)
FN:84,(anonymous_8)
FN:102,(anonymous_9)
FN:107,(anonymous_10)
FNF:11
FNH:0
FNDA:0,(anonymous_0)
FNDA:0,(anonymous_1)
FNDA:0,(anonymous_2)
FNDA:0,(anonymous_3)
FNDA:0,(anonymous_4)
FNDA:0,(anonymous_5)
FNDA:0,(anonymous_6)
FNDA:0,(anonymous_7)
FNDA:0,(anonymous_8)
FNDA:0,(anonymous_9)
FNDA:0,(anonymous_10)
DA:5,0
DA:14,0
DA:15,0
DA:16,0
DA:17,0
DA:19,0
DA:21,0
DA:26,0
DA:27,0
DA:28,0
DA:30,0
DA:31,0
DA:35,0
DA:36,0
DA:37,0
DA:39,0
DA:40,0
DA:41,0
DA:42,0
DA:44,0
DA:45,0
DA:46,0
DA:48,0
DA:49,0
DA:50,0
DA:51,0
DA:55,0
DA:56,0
DA:59,0
DA:84,0
DA:103,0
DA:107,0
LF:32
LH:0
BRDA:21,0,0,0
BRDA:21,0,1,0
BRDA:27,1,0,0
BRDA:27,1,1,0
BRDA:27,2,0,0
BRDA:27,2,1,0
BRDA:37,3,0,0
BRDA:37,3,1,0
BRDA:39,4,0,0
BRDA:39,4,1,0
BRDA:40,5,0,0
BRDA:40,5,1,0
BRDA:44,6,0,0
BRDA:44,6,1,0
BRDA:48,7,0,0
BRDA:48,7,1,0
BRDA:48,8,0,0
BRDA:48,8,1,0
BRDA:61,9,0,0
BRDA:61,9,1,0
BRDA:97,10,0,0
BRDA:97,10,1,0
BRDA:109,11,0,0
BRDA:109,11,1,0
BRF:24
BRH:0
end_of_record
TN:
SF:src\components\layout\Sidebar.jsx
FN:36,(anonymous_0)
FN:41,(anonymous_1)
FN:208,(anonymous_2)
FN:209,(anonymous_3)
FN:215,(anonymous_4)
FN:216,(anonymous_5)
FN:217,(anonymous_6)
FN:219,(anonymous_7)
FN:252,(anonymous_8)
FN:256,(anonymous_9)
FN:279,(anonymous_10)
FNF:11
FNH:0
FNDA:0,(anonymous_0)
FNDA:0,(anonymous_1)
FNDA:0,(anonymous_2)
FNDA:0,(anonymous_3)
FNDA:0,(anonymous_4)
FNDA:0,(anonymous_5)
FNDA:0,(anonymous_6)
FNDA:0,(anonymous_7)
FNDA:0,(anonymous_8)
FNDA:0,(anonymous_9)
FNDA:0,(anonymous_10)
DA:36,0
DA:37,0
DA:38,0
DA:39,0
DA:41,0
DA:42,0
DA:44,0
DA:45,0
DA:51,0
DA:59,0
DA:65,0
DA:71,0
DA:79,0
DA:88,0
DA:89,0
DA:95,0
DA:103,0
DA:111,0
DA:117,0
DA:126,0
DA:127,0
DA:133,0
DA:141,0
DA:147,0
DA:154,0
DA:163,0
DA:164,0
DA:170,0
DA:178,0
DA:186,0
DA:193,0
DA:203,0
DA:206,0
DA:208,0
DA:209,0
DA:215,0
DA:216,0
DA:217,0
DA:218,0
DA:219,0
DA:224,0
DA:253,0
DA:256,0
DA:280,0
DA:281,0
LF:45
LH:0
BRDA:44,0,0,0
BRDA:44,0,1,0
BRDA:88,1,0,0
BRDA:88,1,1,0
BRDA:126,2,0,0
BRDA:126,2,1,0
BRDA:163,3,0,0
BRDA:163,3,1,0
BRDA:218,4,0,0
BRDA:218,4,1,0
BRDA:226,5,0,0
BRDA:226,5,1,0
BRDA:238,6,0,0
BRDA:238,6,1,0
BRDA:254,7,0,0
BRDA:254,7,1,0
BRDA:260,8,0,0
BRDA:260,8,1,0
BRDA:261,9,0,0
BRDA:261,9,1,0
BRDA:270,10,0,0
BRDA:270,10,1,0
BRDA:270,10,2,0
BRDA:270,10,3,0
BRDA:286,11,0,0
BRDA:286,11,1,0
BRDA:293,12,0,0
BRDA:293,12,1,0
BRDA:304,13,0,0
BRDA:304,13,1,0
BRDA:321,14,0,0
BRDA:321,14,1,0
BRDA:324,15,0,0
BRDA:324,15,1,0
BRDA:328,16,0,0
BRDA:328,16,1,0
BRF:36
BRH:0
end_of_record
TN:
SF:src\components\layout\ThemeToggle.jsx
FN:5,(anonymous_0)
FNF:1
FNH:0
FNDA:0,(anonymous_0)
DA:5,0
DA:6,0
DA:8,0
LF:3
LH:0
BRDA:17,0,0,0
BRDA:17,0,1,0
BRF:2
BRH:0
end_of_record
TN:
SF:src\components\layout\TopNavbar.jsx
FN:10,(anonymous_0)
FN:14,(anonymous_1)
FN:15,(anonymous_2)
FN:17,(anonymous_3)
FN:20,(anonymous_4)
FN:21,(anonymous_5)
FN:24,(anonymous_6)
FN:28,(anonymous_7)
FN:56,(anonymous_8)
FN:76,(anonymous_9)
FNF:10
FNH:0
FNDA:0,(anonymous_0)
FNDA:0,(anonymous_1)
FNDA:0,(anonymous_2)
FNDA:0,(anonymous_3)
FNDA:0,(anonymous_4)
FNDA:0,(anonymous_5)
FNDA:0,(anonymous_6)
FNDA:0,(anonymous_7)
FNDA:0,(anonymous_8)
FNDA:0,(anonymous_9)
DA:10,0
DA:11,0
DA:12,0
DA:14,0
DA:15,0
DA:16,0
DA:17,0
DA:20,0
DA:21,0
DA:22,0
DA:23,0
DA:24,0
DA:27,0
DA:28,0
DA:31,0
DA:56,0
DA:76,0
LF:17
LH:0
BRDA:22,0,0,0
BRDA:22,0,1,0
BRDA:22,1,0,0
BRDA:22,1,1,0
BRDA:22,1,2,0
BRDA:35,2,0,0
BRDA:35,2,1,0
BRDA:39,3,0,0
BRDA:39,3,1,0
BRF:9
BRH:0
end_of_record
TN:
SF:src\components\maps\DeliveryMarker.jsx
FN:5,(anonymous_0)
FN:23,(anonymous_1)
FNF:2
FNH:0
FNDA:0,(anonymous_0)
FNDA:0,(anonymous_1)
DA:5,0
DA:6,0
DA:7,0
DA:23,0
DA:24,0
DA:26,0
LF:6
LH:0
BRDA:6,0,0,0
BRDA:6,0,1,0
BRDA:6,1,0,0
BRDA:6,1,1,0
BRF:4
BRH:0
end_of_record
TN:
SF:src\components\maps\EmergencyAvailabilityWidget.jsx
FN:4,(anonymous_0)
FN:20,(anonymous_1)
FN:36,(anonymous_2)
FNF:3
FNH:0
FNDA:0,(anonymous_0)
FNDA:0,(anonymous_1)
FNDA:0,(anonymous_2)
DA:4,0
DA:5,0
DA:13,0
DA:21,0
DA:37,0
LF:5
LH:0
BRDA:4,0,0,0
BRDA:5,1,0,0
BRDA:5,1,1,0
BRF:3
BRH:0
end_of_record
TN:
SF:src\components\maps\FloatingMapControls.jsx
FN:4,(anonymous_0)
FN:18,(anonymous_1)
FNF:2
FNH:0
FNDA:0,(anonymous_0)
FNDA:0,(anonymous_1)
DA:4,0
DA:5,0
DA:12,0
DA:19,0
LF:4
LH:0
BRF:0
BRH:0
end_of_record
TN:
SF:src\components\maps\InteractiveMap.jsx
FN:14,(anonymous_0)
FN:16,(anonymous_1)
FN:22,(anonymous_2)
FN:25,(anonymous_3)
FN:26,(anonymous_4)
FN:27,(anonymous_5)
FNF:6
FNH:0
FNDA:0,(anonymous_0)
FNDA:0,(anonymous_1)
FNDA:0,(anonymous_2)
FNDA:0,(anonymous_3)
FNDA:0,(anonymous_4)
FNDA:0,(anonymous_5)
DA:7,0
DA:8,0
DA:14,0
DA:15,0
DA:16,0
DA:17,0
DA:19,0
DA:22,0
DA:23,0
DA:25,0
DA:26,0
DA:27,0
DA:30,0
DA:31,0
DA:45,0
LF:15
LH:0
BRDA:17,0,0,0
BRDA:17,0,1,0
BRDA:17,1,0,0
BRDA:17,1,1,0
BRDA:22,2,0,0
BRDA:22,3,0,0
BRDA:22,4,0,0
BRDA:30,5,0,0
BRDA:30,5,1,0
BRF:9
BRH:0
end_of_record
TN:
SF:src\components\maps\LiveTrackingPanel.jsx
FN:4,(anonymous_0)
FN:58,(anonymous_1)
FNF:2
FNH:0
FNDA:0,(anonymous_0)
FNDA:0,(anonymous_1)
DA:4,0
DA:5,0
DA:7,0
DA:59,0
LF:4
LH:0
BRDA:5,0,0,0
BRDA:5,0,1,0
BRDA:66,1,0,0
BRDA:66,1,1,0
BRF:4
BRH:0
end_of_record
TN:
SF:src\components\maps\LocationSearchBar.jsx
FN:5,(anonymous_0)
FN:10,(anonymous_1)
FN:13,(anonymous_2)
FN:31,(anonymous_3)
FN:32,(anonymous_4)
FN:33,(anonymous_5)
FN:33,(anonymous_6)
FN:38,(anonymous_7)
FN:50,(anonymous_8)
FN:53,(anonymous_9)
FNF:10
FNH:0
FNDA:0,(anonymous_0)
FNDA:0,(anonymous_1)
FNDA:0,(anonymous_2)
FNDA:0,(anonymous_3)
FNDA:0,(anonymous_4)
FNDA:0,(anonymous_5)
FNDA:0,(anonymous_6)
FNDA:0,(anonymous_7)
FNDA:0,(anonymous_8)
FNDA:0,(anonymous_9)
DA:5,0
DA:6,0
DA:7,0
DA:8,0
DA:10,0
DA:11,0
DA:12,0
DA:13,0
DA:14,0
DA:17,0
DA:18,0
DA:20,0
DA:24,0
DA:31,0
DA:32,0
DA:33,0
DA:38,0
DA:51,0
DA:53,0
LF:19
LH:0
BRDA:5,0,0,0
BRDA:12,1,0,0
BRDA:12,1,1,0
BRDA:14,2,0,0
BRDA:14,2,1,0
BRDA:37,3,0,0
BRDA:37,3,1,0
BRDA:44,4,0,0
BRDA:44,4,1,0
BRDA:44,4,2,0
BRF:10
BRH:0
end_of_record
TN:
SF:src\components\maps\MiniMapPreview.jsx
FN:14,(anonymous_0)
FN:16,(anonymous_1)
FN:22,(anonymous_2)
FN:25,(anonymous_3)
FN:26,(anonymous_4)
FN:27,(anonymous_5)
FNF:6
FNH:0
FNDA:0,(anonymous_0)
FNDA:0,(anonymous_1)
FNDA:0,(anonymous_2)
FNDA:0,(anonymous_3)
FNDA:0,(anonymous_4)
FNDA:0,(anonymous_5)
DA:7,0
DA:8,0
DA:14,0
DA:15,0
DA:16,0
DA:17,0
DA:19,0
DA:22,0
DA:23,0
DA:25,0
DA:26,0
DA:27,0
DA:30,0
DA:31,0
DA:40,0
LF:15
LH:0
BRDA:17,0,0,0
BRDA:17,0,1,0
BRDA:17,1,0,0
BRDA:17,1,1,0
BRDA:22,2,0,0
BRDA:22,3,0,0
BRDA:22,4,0,0
BRDA:30,5,0,0
BRDA:30,5,1,0
BRF:9
BRH:0
end_of_record
TN:
SF:src\components\maps\NearbyPharmacyList.jsx
FN:4,(anonymous_0)
FN:7,(anonymous_1)
FN:13,(anonymous_2)
FNF:3
FNH:0
FNDA:0,(anonymous_0)
FNDA:0,(anonymous_1)
FNDA:0,(anonymous_2)
DA:4,0
DA:5,0
DA:8,0
DA:13,0
LF:4
LH:0
BRDA:4,0,0,0
BRDA:18,1,0,0
BRDA:18,1,1,0
BRDA:30,2,0,0
BRDA:30,2,1,0
BRDA:31,3,0,0
BRDA:31,3,1,0
BRF:7
BRH:0
end_of_record
TN:
SF:src\components\maps\PharmacyMarker.jsx
FN:5,(anonymous_0)
FN:22,(anonymous_1)
FNF:2
FNH:0
FNDA:0,(anonymous_0)
FNDA:0,(anonymous_1)
DA:5,0
DA:6,0
DA:22,0
DA:23,0
DA:24,0
DA:26,0
DA:27,0
DA:28,0
DA:31,0
DA:33,0
LF:10
LH:0
BRDA:10,0,0,0
BRDA:10,0,1,0
BRDA:13,1,0,0
BRDA:13,1,1,0
BRDA:23,2,0,0
BRDA:23,2,1,0
BRDA:24,3,0,0
BRDA:24,3,1,0
BRDA:26,4,0,0
BRDA:26,4,1,0
BRDA:26,5,0,0
BRDA:26,5,1,0
BRDA:44,6,0,0
BRDA:44,6,1,0
BRDA:45,7,0,0
BRDA:45,7,1,0
BRF:16
BRH:0
end_of_record
TN:
SF:src\components\maps\PharmacyPopupCard.jsx
FN:4,(anonymous_0)
FN:42,(anonymous_1)
FN:50,(anonymous_2)
FNF:3
FNH:0
FNDA:0,(anonymous_0)
FNDA:0,(anonymous_1)
FNDA:0,(anonymous_2)
DA:4,0
DA:5,0
DA:7,0
DA:43,0
DA:50,0
LF:5
LH:0
BRDA:5,0,0,0
BRDA:5,0,1,0
BRDA:18,1,0,0
BRDA:18,1,1,0
BRDA:20,2,0,0
BRDA:20,2,1,0
BRDA:38,3,0,0
BRDA:38,3,1,0
BRF:8
BRH:0
end_of_record
TN:
SF:src\components\maps\RouteDetailsCard.jsx
FN:4,(anonymous_0)
FN:28,(anonymous_1)
FNF:2
FNH:0
FNDA:0,(anonymous_0)
FNDA:0,(anonymous_1)
DA:4,0
DA:5,0
DA:7,0
DA:29,0
LF:4
LH:0
BRDA:5,0,0,0
BRDA:5,0,1,0
BRF:2
BRH:0
end_of_record
TN:
SF:src\components\maps\RoutePolyline.jsx
FN:3,(anonymous_0)
FNF:1
FNH:0
FNDA:0,(anonymous_0)
DA:3,0
DA:4,0
LF:2
LH:0
BRDA:3,0,0,0
BRDA:3,1,0,0
BRDA:3,2,0,0
BRF:3
BRH:0
end_of_record
TN:
SF:src\components\notifications\ActivityTimelineWidget.jsx
FN:11,(anonymous_0)
FN:14,(anonymous_1)
FNF:2
FNH:0
FNDA:0,(anonymous_0)
FNDA:0,(anonymous_1)
DA:4,0
DA:11,0
DA:12,0
DA:15,0
DA:16,0
LF:5
LH:0
BRDA:11,0,0,0
BRDA:15,1,0,0
BRDA:15,1,1,0
BRDA:28,2,0,0
BRDA:28,2,1,0
BRDA:18,3,0,0
BRDA:18,3,1,0
BRF:7
BRH:0
end_of_record
TN:
SF:src\components\notifications\EmergencyAlertModal.jsx
FN:4,(anonymous_0)
FNF:1
FNH:0
FNDA:0,(anonymous_0)
DA:4,0
DA:5,0
DA:7,0
LF:3
LH:0
BRDA:5,0,0,0
BRDA:5,0,1,0
BRDA:53,1,0,0
BRDA:53,1,1,0
BRDA:57,2,0,0
BRDA:57,2,1,0
BRDA:68,3,0,0
BRDA:68,3,1,0
BRF:8
BRH:0
end_of_record
TN:
SF:src\components\notifications\FloatingRealtimeToast.jsx
FN:18,(anonymous_0)
FN:22,(anonymous_1)
FN:38,(anonymous_2)
FNF:3
FNH:0
FNDA:0,(anonymous_0)
FNDA:0,(anonymous_1)
FNDA:0,(anonymous_2)
DA:4,0
DA:11,0
DA:18,0
DA:19,0
DA:23,0
DA:24,0
DA:38,0
LF:7
LH:0
BRDA:18,0,0,0
BRDA:23,1,0,0
BRDA:23,1,1,0
BRF:3
BRH:0
end_of_record
TN:
SF:src\components\notifications\LiveActivityFeed.jsx
FN:12,(anonymous_0)
FN:15,(anonymous_1)
FN:23,(anonymous_2)
FN:30,(anonymous_3)
FN:33,(anonymous_4)
FN:39,(anonymous_5)
FNF:6
FNH:0
FNDA:0,(anonymous_0)
FNDA:0,(anonymous_1)
FNDA:0,(anonymous_2)
FNDA:0,(anonymous_3)
FNDA:0,(anonymous_4)
FNDA:0,(anonymous_5)
DA:5,0
DA:12,0
DA:13,0
DA:15,0
DA:16,0
DA:23,0
DA:24,0
DA:25,0
DA:30,0
DA:33,0
DA:36,0
DA:40,0
DA:41,0
LF:13
LH:0
BRDA:12,0,0,0
BRDA:40,1,0,0
BRDA:40,1,1,0
BRDA:53,2,0,0
BRDA:53,2,1,0
BRDA:43,3,0,0
BRDA:43,3,1,0
BRF:7
BRH:0
end_of_record
TN:
SF:src\components\notifications\NotificationBell.jsx
FN:4,(anonymous_0)
FNF:1
FNH:0
FNDA:0,(anonymous_0)
DA:4,0
DA:5,0
LF:2
LH:0
BRDA:4,0,0,0
BRDA:13,1,0,0
BRDA:13,1,1,0
BRDA:19,2,0,0
BRDA:19,2,1,0
BRDA:22,3,0,0
BRDA:22,3,1,0
BRF:7
BRH:0
end_of_record
TN:
SF:src\components\notifications\NotificationCard.jsx
FN:20,(anonymous_0)
FN:29,(anonymous_1)
FNF:2
FNH:0
FNDA:0,(anonymous_0)
FNDA:0,(anonymous_1)
DA:4,0
DA:11,0
DA:20,0
DA:21,0
DA:22,0
DA:24,0
DA:29,0
LF:7
LH:0
BRDA:21,0,0,0
BRDA:21,0,1,0
BRDA:22,1,0,0
BRDA:22,1,1,0
BRDA:31,2,0,0
BRDA:31,2,1,0
BRDA:42,3,0,0
BRDA:42,3,1,0
BRDA:50,4,0,0
BRDA:50,4,1,0
BRF:10
BRH:0
end_of_record
TN:
SF:src\components\notifications\NotificationFilterTabs.jsx
FN:3,(anonymous_0)
FN:15,(anonymous_1)
FN:20,(anonymous_2)
FNF:3
FNH:0
FNDA:0,(anonymous_0)
FNDA:0,(anonymous_1)
FNDA:0,(anonymous_2)
DA:3,0
DA:4,0
DA:13,0
DA:16,0
DA:20,0
LF:5
LH:0
BRDA:3,0,0,0
BRDA:22,1,0,0
BRDA:22,1,1,0
BRDA:28,2,0,0
BRDA:28,2,1,0
BRDA:30,3,0,0
BRDA:30,3,1,0
BRF:7
BRH:0
end_of_record
TN:
SF:src\components\notifications\NotificationLayout.jsx
FN:19,(anonymous_0)
FN:61,(anonymous_1)
FN:68,(anonymous_2)
FN:86,(anonymous_3)
FN:92,(anonymous_4)
FN:93,(anonymous_5)
FN:117,(anonymous_6)
FN:144,(anonymous_7)
FN:162,(anonymous_8)
FN:177,(anonymous_9)
FN:186,(anonymous_10)
FNF:11
FNH:4
FNDA:9,(anonymous_0)
FNDA:0,(anonymous_1)
FNDA:0,(anonymous_2)
FNDA:0,(anonymous_3)
FNDA:3,(anonymous_4)
FNDA:1,(anonymous_5)
FNDA:10,(anonymous_6)
FNDA:0,(anonymous_7)
FNDA:0,(anonymous_8)
FNDA:0,(anonymous_9)
FNDA:0,(anonymous_10)
DA:5,1
DA:12,1
DA:19,1
DA:37,9
DA:38,9
DA:40,9
DA:61,0
DA:69,0
DA:86,0
DA:93,3
DA:118,10
DA:119,10
DA:120,10
DA:121,10
DA:144,0
DA:162,0
DA:177,0
DA:187,0
LF:18
LH:11
BRDA:20,0,0,9
BRDA:21,1,0,9
BRDA:22,2,0,9
BRDA:23,3,0,9
BRDA:24,4,0,9
BRDA:26,5,0,9
BRDA:28,6,0,9
BRDA:38,7,0,9
BRDA:38,7,1,9
BRDA:56,8,0,9
BRDA:56,8,1,2
BRDA:90,9,0,9
BRDA:90,9,1,2
BRDA:95,10,0,1
BRDA:95,10,1,2
BRDA:105,11,0,6
BRDA:105,11,1,3
BRDA:107,12,0,1
BRDA:107,12,1,5
BRDA:118,13,0,0
BRDA:118,13,1,10
BRDA:118,14,0,10
BRDA:118,14,1,10
BRDA:124,15,0,5
BRDA:124,15,1,5
BRDA:126,16,0,10
BRDA:126,16,1,5
BRDA:133,17,0,5
BRDA:133,17,1,5
BRDA:134,18,0,10
BRDA:134,18,1,5
BRDA:143,19,0,10
BRDA:143,19,1,0
BRDA:159,20,0,9
BRDA:159,20,1,0
BRDA:186,21,0,0
BRDA:186,21,1,0
BRF:37
BRH:32
end_of_record
TN:
SF:src\components\notifications\NotificationPanel.jsx
FN:5,(anonymous_0)
FN:6,(anonymous_1)
FN:54,(anonymous_2)
FNF:3
FNH:0
FNDA:0,(anonymous_0)
FNDA:0,(anonymous_1)
FNDA:0,(anonymous_2)
DA:5,0
DA:6,0
DA:8,0
DA:55,0
LF:4
LH:0
BRDA:5,0,0,0
BRDA:10,1,0,0
BRDA:10,1,1,0
BRDA:29,2,0,0
BRDA:29,2,1,0
BRDA:36,3,0,0
BRDA:36,3,1,0
BRDA:48,4,0,0
BRDA:48,4,1,0
BRF:9
BRH:0
end_of_record
TN:
SF:src\components\notifications\NotificationPreferences.jsx
FN:5,(anonymous_0)
FN:15,(anonymous_1)
FN:16,(anonymous_2)
FN:31,(anonymous_3)
FN:51,(anonymous_4)
FN:66,(anonymous_5)
FN:67,(anonymous_6)
FN:68,(anonymous_7)
FNF:8
FNH:0
FNDA:0,(anonymous_0)
FNDA:0,(anonymous_1)
FNDA:0,(anonymous_2)
FNDA:0,(anonymous_3)
FNDA:0,(anonymous_4)
FNDA:0,(anonymous_5)
FNDA:0,(anonymous_6)
FNDA:0,(anonymous_7)
DA:5,0
DA:6,0
DA:15,0
DA:16,0
DA:22,0
DA:31,0
DA:32,0
DA:40,0
DA:52,0
DA:53,0
DA:54,0
DA:66,0
DA:67,0
DA:68,0
LF:14
LH:0
BRDA:34,0,0,0
BRDA:34,0,1,0
BRDA:36,1,0,0
BRDA:36,1,1,0
BRF:4
BRH:0
end_of_record
TN:
SF:src\components\notifications\RealtimeStatusWidget.jsx
FN:5,(anonymous_0)
FN:9,(anonymous_1)
FN:10,(anonymous_2)
FN:14,(anonymous_3)
FN:50,(anonymous_4)
FNF:5
FNH:0
FNDA:0,(anonymous_0)
FNDA:0,(anonymous_1)
FNDA:0,(anonymous_2)
FNDA:0,(anonymous_3)
FNDA:0,(anonymous_4)
DA:5,0
DA:6,0
DA:7,0
DA:9,0
DA:10,0
DA:11,0
DA:12,0
DA:14,0
DA:17,0
DA:25,0
DA:51,0
LF:11
LH:0
BRDA:17,0,0,0
BRDA:17,0,1,0
BRDA:33,1,0,0
BRDA:33,1,1,0
BRDA:38,2,0,0
BRDA:38,2,1,0
BRDA:39,3,0,0
BRDA:39,3,1,0
BRF:8
BRH:0
end_of_record
TN:
SF:src\components\notifications\SmartAlertCard.jsx
FN:20,(anonymous_0)
FN:45,(anonymous_1)
FN:53,(anonymous_2)
FNF:3
FNH:0
FNDA:0,(anonymous_0)
FNDA:0,(anonymous_1)
FNDA:0,(anonymous_2)
DA:4,0
DA:11,0
DA:20,0
DA:21,0
DA:22,0
DA:24,0
DA:45,0
DA:53,0
LF:8
LH:0
BRDA:21,0,0,0
BRDA:21,0,1,0
BRDA:22,1,0,0
BRDA:22,1,1,0
BRDA:43,2,0,0
BRDA:43,2,1,0
BRDA:43,2,2,0
BRDA:51,3,0,0
BRDA:51,3,1,0
BRF:9
BRH:0
end_of_record
TN:
SF:src\components\notifications\SystemAlertBanner.jsx
FN:4,(anonymous_0)
FNF:1
FNH:0
FNDA:0,(anonymous_0)
DA:4,0
DA:5,0
DA:7,0
DA:14,0
DA:21,0
LF:5
LH:0
BRDA:5,0,0,0
BRDA:5,0,1,0
BRDA:40,1,0,0
BRDA:40,1,1,0
BRF:4
BRH:0
end_of_record
TN:
SF:src\components\pharmacy\AddMedicationModal.jsx
FN:21,(anonymous_0)
FN:33,(anonymous_1)
FN:35,(anonymous_2)
FN:38,(anonymous_3)
FN:40,(anonymous_4)
FN:42,(anonymous_5)
FN:42,(anonymous_6)
FN:47,(anonymous_7)
FN:51,(anonymous_8)
FN:54,(anonymous_9)
FN:60,(anonymous_10)
FN:66,(anonymous_11)
FN:95,(anonymous_12)
FN:135,(anonymous_13)
FN:210,(anonymous_14)
FN:212,(anonymous_15)
FN:224,(anonymous_16)
FN:228,(anonymous_17)
FN:233,(anonymous_18)
FN:233,(anonymous_19)
FN:233,(anonymous_20)
FNF:21
FNH:0
FNDA:0,(anonymous_0)
FNDA:0,(anonymous_1)
FNDA:0,(anonymous_2)
FNDA:0,(anonymous_3)
FNDA:0,(anonymous_4)
FNDA:0,(anonymous_5)
FNDA:0,(anonymous_6)
FNDA:0,(anonymous_7)
FNDA:0,(anonymous_8)
FNDA:0,(anonymous_9)
FNDA:0,(anonymous_10)
FNDA:0,(anonymous_11)
FNDA:0,(anonymous_12)
FNDA:0,(anonymous_13)
FNDA:0,(anonymous_14)
FNDA:0,(anonymous_15)
FNDA:0,(anonymous_16)
FNDA:0,(anonymous_17)
FNDA:0,(anonymous_18)
FNDA:0,(anonymous_19)
FNDA:0,(anonymous_20)
DA:7,0
DA:13,0
DA:21,0
DA:22,0
DA:28,0
DA:29,0
DA:30,0
DA:31,0
DA:33,0
DA:34,0
DA:35,0
DA:38,0
DA:39,0
DA:40,0
DA:41,0
DA:42,0
DA:43,0
DA:47,0
DA:48,0
DA:49,0
DA:50,0
DA:51,0
DA:54,0
DA:55,0
DA:56,0
DA:58,0
DA:59,0
DA:60,0
DA:61,0
DA:62,0
DA:66,0
DA:67,0
DA:70,0
DA:71,0
DA:72,0
DA:73,0
DA:75,0
DA:77,0
DA:81,0
DA:95,0
DA:135,0
DA:211,0
DA:212,0
DA:224,0
DA:228,0
DA:233,0
LF:46
LH:0
BRDA:35,0,0,0
BRDA:35,0,1,0
BRDA:39,1,0,0
BRDA:39,1,1,0
BRDA:61,2,0,0
BRDA:61,2,1,0
BRDA:61,3,0,0
BRDA:61,3,1,0
BRDA:75,4,0,0
BRDA:75,4,1,0
BRDA:83,5,0,0
BRDA:83,5,1,0
BRDA:188,6,0,0
BRDA:188,6,1,0
BRDA:215,7,0,0
BRDA:215,7,1,0
BRDA:230,8,0,0
BRDA:230,8,1,0
BRDA:252,9,0,0
BRDA:252,9,1,0
BRF:20
BRH:0
end_of_record
TN:
SF:src\components\pharmacy\ExpiryWarningCard.jsx
FN:4,(anonymous_0)
FN:6,(anonymous_1)
FN:7,(anonymous_2)
FN:10,(anonymous_3)
FN:15,(anonymous_4)
FN:30,(anonymous_5)
FNF:6
FNH:0
FNDA:0,(anonymous_0)
FNDA:0,(anonymous_1)
FNDA:0,(anonymous_2)
FNDA:0,(anonymous_3)
FNDA:0,(anonymous_4)
FNDA:0,(anonymous_5)
DA:4,0
DA:5,0
DA:6,0
DA:7,0
DA:10,0
DA:11,0
DA:12,0
DA:15,0
DA:16,0
DA:17,0
DA:18,0
DA:19,0
DA:22,0
DA:31,0
DA:32,0
DA:33,0
LF:16
LH:0
BRDA:4,0,0,0
BRDA:6,1,0,0
BRDA:6,1,1,0
BRDA:16,2,0,0
BRDA:16,2,1,0
BRDA:17,3,0,0
BRDA:17,3,1,0
BRDA:18,4,0,0
BRDA:18,4,1,0
BRDA:24,5,0,0
BRDA:24,5,1,0
BRDA:51,6,0,0
BRDA:51,6,1,0
BRF:13
BRH:0
end_of_record
TN:
SF:src\components\pharmacy\InventoryHeatmap.jsx
FN:3,(anonymous_0)
FN:15,(anonymous_1)
FN:19,(anonymous_2)
FNF:3
FNH:0
FNDA:0,(anonymous_0)
FNDA:0,(anonymous_1)
FNDA:0,(anonymous_2)
DA:3,0
DA:4,0
DA:15,0
DA:17,0
DA:20,0
DA:21,0
LF:6
LH:0
BRDA:3,0,0,0
BRDA:4,1,0,0
BRDA:4,1,1,0
BRF:3
BRH:0
end_of_record
TN:
SF:src\components\pharmacy\InventoryStats.jsx
FN:4,(anonymous_0)
FN:21,(anonymous_1)
FNF:2
FNH:0
FNDA:0,(anonymous_0)
FNDA:0,(anonymous_1)
DA:4,0
DA:5,0
DA:12,0
DA:19,0
DA:22,0
LF:5
LH:0
BRDA:6,0,0,0
BRDA:6,0,1,0
BRDA:7,1,0,0
BRDA:7,1,1,0
BRDA:8,2,0,0
BRDA:8,2,1,0
BRDA:9,3,0,0
BRDA:9,3,1,0
BRF:8
BRH:0
end_of_record
TN:
SF:src\components\pharmacy\LowStockWidget.jsx
FN:4,(anonymous_0)
FN:5,(anonymous_1)
FN:20,(anonymous_2)
FNF:3
FNH:0
FNDA:0,(anonymous_0)
FNDA:0,(anonymous_1)
FNDA:0,(anonymous_2)
DA:4,0
DA:5,0
DA:7,0
DA:8,0
DA:18,0
DA:21,0
LF:6
LH:0
BRDA:4,0,0,0
BRDA:5,1,0,0
BRDA:5,1,1,0
BRDA:7,2,0,0
BRDA:7,2,1,0
BRDA:29,3,0,0
BRDA:29,3,1,0
BRDA:36,4,0,0
BRDA:36,4,1,0
BRDA:43,5,0,0
BRDA:43,5,1,0
BRF:11
BRH:0
end_of_record
TN:
SF:src\components\pharmacy\MedicationCard.jsx
FN:12,(anonymous_0)
FN:19,(anonymous_1)
FNF:2
FNH:0
FNDA:0,(anonymous_0)
FNDA:0,(anonymous_1)
DA:4,0
DA:12,0
DA:13,0
DA:14,0
DA:16,0
DA:19,0
LF:6
LH:0
BRDA:13,0,0,0
BRDA:13,0,1,0
BRDA:48,1,0,0
BRDA:48,1,1,0
BRDA:53,2,0,0
BRDA:53,2,1,0
BRF:6
BRH:0
end_of_record
TN:
SF:src\components\pharmacy\MedicationTable.jsx
FN:14,(anonymous_0)
FN:18,(anonymous_1)
FN:25,(anonymous_2)
FN:36,(anonymous_3)
FN:39,(anonymous_4)
FN:42,(anonymous_5)
FN:59,(anonymous_6)
FN:65,(anonymous_7)
FN:68,(anonymous_8)
FNF:9
FNH:0
FNDA:0,(anonymous_0)
FNDA:0,(anonymous_1)
FNDA:0,(anonymous_2)
FNDA:0,(anonymous_3)
FNDA:0,(anonymous_4)
FNDA:0,(anonymous_5)
FNDA:0,(anonymous_6)
FNDA:0,(anonymous_7)
FNDA:0,(anonymous_8)
DA:6,0
DA:14,0
DA:15,0
DA:16,0
DA:18,0
DA:19,0
DA:20,0
DA:21,0
DA:24,0
DA:26,0
DA:37,0
DA:40,0
DA:42,0
DA:47,0
DA:48,0
DA:51,0
DA:59,0
DA:66,0
DA:68,0
LF:19
LH:0
BRDA:14,0,0,0
BRDA:19,1,0,0
BRDA:19,1,1,0
BRDA:20,2,0,0
BRDA:20,2,1,0
BRDA:21,3,0,0
BRDA:21,3,1,0
BRDA:47,4,0,0
BRDA:47,4,1,0
BRDA:70,5,0,0
BRDA:70,5,1,0
BRDA:73,6,0,0
BRDA:73,6,1,0
BRF:13
BRH:0
end_of_record
TN:
SF:src\components\pharmacy\OrderTimeline.jsx
FN:13,(anonymous_0)
FN:14,(anonymous_1)
FN:18,(anonymous_2)
FNF:3
FNH:0
FNDA:0,(anonymous_0)
FNDA:0,(anonymous_1)
FNDA:0,(anonymous_2)
DA:4,0
DA:13,0
DA:14,0
DA:16,0
DA:19,0
DA:20,0
DA:21,0
LF:7
LH:0
BRDA:13,0,0,0
BRDA:19,1,0,0
BRDA:19,1,1,0
BRDA:33,2,0,0
BRDA:33,2,1,0
BRF:5
BRH:0
end_of_record
TN:
SF:src\components\pharmacy\PharmacyPerformanceCard.jsx
FN:4,(anonymous_0)
FN:14,(anonymous_1)
FNF:2
FNH:0
FNDA:0,(anonymous_0)
FNDA:0,(anonymous_1)
DA:4,0
DA:5,0
DA:12,0
DA:15,0
LF:4
LH:0
BRDA:6,0,0,0
BRDA:6,0,1,0
BRDA:6,1,0,0
BRDA:6,1,1,0
BRDA:7,2,0,0
BRDA:7,2,1,0
BRDA:7,3,0,0
BRDA:7,3,1,0
BRDA:8,4,0,0
BRDA:8,4,1,0
BRDA:8,5,0,0
BRDA:8,5,1,0
BRDA:9,6,0,0
BRDA:9,6,1,0
BRDA:9,7,0,0
BRDA:9,7,1,0
BRDA:24,8,0,0
BRDA:24,8,1,0
BRDA:25,9,0,0
BRDA:25,9,1,0
BRF:20
BRH:0
end_of_record
TN:
SF:src\components\pharmacy\PharmacyQuickActions.jsx
FN:5,(anonymous_0)
FN:28,(anonymous_1)
FN:35,(anonymous_2)
FNF:3
FNH:0
FNDA:0,(anonymous_0)
FNDA:0,(anonymous_1)
FNDA:0,(anonymous_2)
DA:5,0
DA:6,0
DA:8,0
DA:17,0
DA:26,0
DA:29,0
DA:35,0
LF:7
LH:0
BRF:0
BRH:0
end_of_record
TN:
SF:src\components\pharmacy\ReservationQueue.jsx
FN:11,(anonymous_0)
FN:12,(anonymous_1)
FN:23,(anonymous_2)
FN:61,(anonymous_3)
FN:67,(anonymous_4)
FNF:5
FNH:0
FNDA:0,(anonymous_0)
FNDA:0,(anonymous_1)
FNDA:0,(anonymous_2)
FNDA:0,(anonymous_3)
FNDA:0,(anonymous_4)
DA:4,0
DA:11,0
DA:12,0
DA:14,0
DA:24,0
DA:25,0
DA:26,0
DA:61,0
DA:67,0
LF:9
LH:0
BRDA:11,0,0,0
BRDA:17,1,0,0
BRDA:17,1,1,0
BRDA:24,2,0,0
BRDA:24,2,1,0
BRDA:58,3,0,0
BRDA:58,3,1,0
BRF:7
BRH:0
end_of_record
TN:
SF:src\components\pharmacy\RevenueAnalytics.jsx
FN:4,(anonymous_0)
FN:20,(anonymous_1)
FN:25,(anonymous_2)
FN:52,(anonymous_3)
FNF:4
FNH:0
FNDA:0,(anonymous_0)
FNDA:0,(anonymous_1)
FNDA:0,(anonymous_2)
FNDA:0,(anonymous_3)
DA:4,0
DA:5,0
DA:12,0
DA:20,0
DA:22,0
DA:26,0
DA:53,0
LF:7
LH:0
BRDA:6,0,0,0
BRDA:6,0,1,0
BRDA:6,1,0,0
BRDA:6,1,1,0
BRDA:7,2,0,0
BRDA:7,2,1,0
BRDA:7,3,0,0
BRDA:7,3,1,0
BRDA:8,4,0,0
BRDA:8,4,1,0
BRDA:8,5,0,0
BRDA:8,5,1,0
BRDA:9,6,0,0
BRDA:9,6,1,0
BRDA:9,7,0,0
BRDA:9,7,1,0
BRDA:12,8,0,0
BRDA:12,8,1,0
BRDA:35,9,0,0
BRDA:35,9,1,0
BRDA:36,10,0,0
BRDA:36,10,1,0
BRDA:75,11,0,0
BRDA:75,11,1,0
BRDA:76,12,0,0
BRDA:76,12,1,0
BRF:26
BRH:0
end_of_record
TN:
SF:src\components\pharmacy\SalesChart.jsx
FN:3,(anonymous_0)
FN:4,(anonymous_1)
FN:9,(anonymous_2)
FN:31,(anonymous_3)
FNF:4
FNH:0
FNDA:0,(anonymous_0)
FNDA:0,(anonymous_1)
FNDA:0,(anonymous_2)
FNDA:0,(anonymous_3)
DA:3,0
DA:4,0
DA:6,0
DA:10,0
DA:32,0
LF:5
LH:0
BRDA:3,0,0,0
BRDA:3,1,0,0
BRF:2
BRH:0
end_of_record
TN:
SF:src\components\ui\Badge.jsx
FN:1,(anonymous_0)
FNF:1
FNH:1
FNDA:4,(anonymous_0)
DA:1,1
DA:2,4
DA:13,4
LF:3
LH:3
BRDA:1,0,0,4
BRDA:1,1,0,4
BRDA:15,2,0,4
BRDA:15,2,1,1
BRF:4
BRH:4
end_of_record
TN:
SF:src\components\ui\Button.jsx
FN:4,(anonymous_0)
FNF:1
FNH:1
FNDA:4,(anonymous_0)
DA:4,1
DA:14,4
DA:24,4
DA:32,4
LF:4
LH:4
BRDA:6,0,0,4
BRDA:7,1,0,4
BRDA:8,2,0,4
BRDA:9,3,0,4
BRDA:11,4,0,4
BRDA:34,5,0,3
BRDA:34,5,1,1
BRDA:34,6,0,4
BRDA:34,6,1,3
BRDA:35,7,0,3
BRDA:35,7,1,1
BRDA:35,8,0,4
BRDA:35,8,1,3
BRDA:36,9,0,4
BRDA:36,9,1,3
BRDA:37,10,0,4
BRDA:37,10,1,0
BRDA:37,11,0,4
BRDA:37,11,1,0
BRDA:40,12,0,0
BRDA:40,12,1,4
BRDA:44,13,0,4
BRDA:44,13,1,0
BRF:23
BRH:19
end_of_record
TN:
SF:src\components\ui\Card.jsx
FN:3,(anonymous_0)
FNF:1
FNH:0
FNDA:0,(anonymous_0)
DA:3,0
DA:10,0
LF:2
LH:0
BRDA:5,0,0,0
BRDA:6,1,0,0
BRDA:7,2,0,0
BRDA:12,3,0,0
BRDA:12,3,1,0
BRDA:14,4,0,0
BRDA:14,4,1,0
BRDA:15,5,0,0
BRDA:15,5,1,0
BRF:9
BRH:0
end_of_record
TN:
SF:src\components\ui\ChartCard.jsx
FN:5,(anonymous_0)
FN:19,(anonymous_1)
FNF:2
FNH:0
FNDA:0,(anonymous_0)
FNDA:0,(anonymous_1)
DA:5,0
DA:6,0
DA:8,0
DA:19,0
LF:4
LH:0
BRDA:5,0,0,0
BRDA:5,1,0,0
BRDA:13,2,0,0
BRDA:13,2,1,0
BRDA:15,3,0,0
BRDA:15,3,1,0
BRDA:22,4,0,0
BRDA:22,4,1,0
BRDA:28,5,0,0
BRDA:28,5,1,0
BRDA:28,6,0,0
BRDA:28,6,1,0
BRDA:35,7,0,0
BRDA:35,7,1,0
BRF:14
BRH:0
end_of_record
TN:
SF:src\components\ui\DashboardSection.jsx
FN:3,(anonymous_0)
FNF:1
FNH:0
FNDA:0,(anonymous_0)
DA:3,0
DA:4,0
LF:2
LH:0
BRDA:3,0,0,0
BRDA:16,1,0,0
BRDA:16,1,1,0
BRDA:19,2,0,0
BRDA:19,2,1,0
BRF:5
BRH:0
end_of_record
TN:
SF:src\components\ui\DataTable.jsx
FN:5,(anonymous_0)
FN:23,(anonymous_1)
FN:25,(anonymous_2)
FN:32,(anonymous_3)
FN:34,(anonymous_4)
FN:39,(anonymous_5)
FN:51,(anonymous_6)
FN:58,(anonymous_7)
FN:74,(anonymous_8)
FN:94,(anonymous_9)
FN:97,(anonymous_10)
FN:123,(anonymous_11)
FN:129,(anonymous_12)
FN:134,(anonymous_13)
FN:160,(anonymous_14)
FN:166,(anonymous_15)
FN:182,(anonymous_16)
FN:203,(anonymous_17)
FN:203,(anonymous_18)
FN:209,(anonymous_19)
FN:209,(anonymous_20)
FN:212,(anonymous_21)
FN:223,(anonymous_22)
FN:223,(anonymous_23)
FNF:24
FNH:0
FNDA:0,(anonymous_0)
FNDA:0,(anonymous_1)
FNDA:0,(anonymous_2)
FNDA:0,(anonymous_3)
FNDA:0,(anonymous_4)
FNDA:0,(anonymous_5)
FNDA:0,(anonymous_6)
FNDA:0,(anonymous_7)
FNDA:0,(anonymous_8)
FNDA:0,(anonymous_9)
FNDA:0,(anonymous_10)
FNDA:0,(anonymous_11)
FNDA:0,(anonymous_12)
FNDA:0,(anonymous_13)
FNDA:0,(anonymous_14)
FNDA:0,(anonymous_15)
FNDA:0,(anonymous_16)
FNDA:0,(anonymous_17)
FNDA:0,(anonymous_18)
FNDA:0,(anonymous_19)
FNDA:0,(anonymous_20)
FNDA:0,(anonymous_21)
FNDA:0,(anonymous_22)
FNDA:0,(anonymous_23)
DA:5,0
DA:18,0
DA:19,0
DA:20,0
DA:21,0
DA:23,0
DA:24,0
DA:25,0
DA:27,0
DA:28,0
DA:32,0
DA:33,0
DA:34,0
DA:35,0
DA:39,0
DA:40,0
DA:41,0
DA:42,0
DA:43,0
DA:44,0
DA:45,0
DA:48,0
DA:49,0
DA:51,0
DA:52,0
DA:53,0
DA:58,0
DA:59,0
DA:60,0
DA:61,0
DA:64,0
DA:74,0
DA:95,0
DA:97,0
DA:124,0
DA:129,0
DA:135,0
DA:161,0
DA:166,0
DA:183,0
DA:203,0
DA:209,0
DA:210,0
DA:212,0
DA:223,0
LF:45
LH:0
BRDA:10,0,0,0
BRDA:11,1,0,0
BRDA:12,2,0,0
BRDA:13,3,0,0
BRDA:14,4,0,0
BRDA:15,5,0,0
BRDA:24,6,0,0
BRDA:24,6,1,0
BRDA:25,7,0,0
BRDA:25,7,1,0
BRDA:33,8,0,0
BRDA:33,8,1,0
BRDA:40,9,0,0
BRDA:40,9,1,0
BRDA:43,10,0,0
BRDA:43,10,1,0
BRDA:43,11,0,0
BRDA:43,11,1,0
BRDA:44,12,0,0
BRDA:44,12,1,0
BRDA:44,13,0,0
BRDA:44,13,1,0
BRDA:49,14,0,0
BRDA:49,14,1,0
BRDA:52,15,0,0
BRDA:52,15,1,0
BRDA:53,16,0,0
BRDA:53,16,1,0
BRDA:59,17,0,0
BRDA:59,17,1,0
BRDA:59,18,0,0
BRDA:59,18,1,0
BRDA:61,19,0,0
BRDA:61,19,1,0
BRDA:61,20,0,0
BRDA:61,20,1,0
BRDA:66,21,0,0
BRDA:66,21,1,0
BRDA:66,21,2,0
BRDA:68,22,0,0
BRDA:68,22,1,0
BRDA:80,23,0,0
BRDA:80,23,1,0
BRDA:97,24,0,0
BRDA:97,24,1,0
BRDA:99,25,0,0
BRDA:99,25,1,0
BRDA:104,26,0,0
BRDA:104,26,1,0
BRDA:108,27,0,0
BRDA:108,27,1,0
BRDA:116,28,0,0
BRDA:116,28,1,0
BRDA:118,29,0,0
BRDA:118,29,1,0
BRDA:131,30,0,0
BRDA:131,30,1,0
BRDA:132,31,0,0
BRDA:132,31,1,0
BRDA:136,32,0,0
BRDA:136,32,1,0
BRDA:139,33,0,0
BRDA:139,33,1,0
BRDA:125,34,0,0
BRDA:125,34,1,0
BRDA:155,35,0,0
BRDA:155,35,1,0
BRDA:168,36,0,0
BRDA:168,36,1,0
BRDA:175,37,0,0
BRDA:175,37,1,0
BRDA:186,38,0,0
BRDA:186,38,1,0
BRDA:162,39,0,0
BRDA:162,39,1,0
BRDA:196,40,0,0
BRDA:196,40,1,0
BRDA:196,40,2,0
BRDA:214,41,0,0
BRDA:214,41,1,0
BRF:80
BRH:0
end_of_record
TN:
SF:src\components\ui\EmptyState.jsx
FN:3,(anonymous_0)
FNF:1
FNH:0
FNDA:0,(anonymous_0)
DA:3,0
DA:10,0
LF:2
LH:0
BRDA:8,0,0,0
BRDA:17,1,0,0
BRDA:17,1,1,0
BRF:3
BRH:0
end_of_record
TN:
SF:src\components\ui\ErrorState.jsx
FN:5,(anonymous_0)
FN:56,(anonymous_1)
FNF:2
FNH:1
FNDA:5,(anonymous_0)
FNDA:0,(anonymous_1)
DA:5,1
DA:16,5
DA:18,5
DA:26,5
DA:27,5
DA:28,5
DA:29,5
DA:32,5
DA:56,0
DA:69,5
DA:70,1
DA:77,4
LF:12
LH:11
BRDA:7,0,0,5
BRDA:8,1,0,5
BRDA:9,2,0,5
BRDA:13,3,0,5
BRDA:26,4,0,0
BRDA:26,4,1,5
BRDA:26,5,0,0
BRDA:26,5,1,0
BRDA:27,6,0,5
BRDA:27,6,1,5
BRDA:27,6,2,5
BRDA:28,7,0,5
BRDA:28,7,1,0
BRDA:28,7,2,0
BRDA:29,8,0,5
BRDA:29,8,1,0
BRDA:29,8,2,0
BRDA:43,9,0,5
BRDA:43,9,1,5
BRDA:45,10,0,5
BRDA:45,10,1,1
BRDA:51,11,0,1
BRDA:51,11,1,0
BRDA:54,12,0,5
BRDA:54,12,1,0
BRDA:56,13,0,0
BRDA:56,13,1,0
BRDA:69,14,0,1
BRDA:69,14,1,4
BRF:29
BRH:18
end_of_record
TN:
SF:src\components\ui\Input.jsx
FN:4,(anonymous_0)
FNF:1
FNH:0
FNDA:0,(anonymous_0)
DA:4,0
DA:17,0
DA:54,0
LF:3
LH:0
BRDA:10,0,0,0
BRDA:11,1,0,0
BRDA:19,2,0,0
BRDA:19,2,1,0
BRDA:23,3,0,0
BRDA:23,3,1,0
BRDA:31,4,0,0
BRDA:31,4,1,0
BRDA:33,5,0,0
BRDA:33,5,1,0
BRDA:40,6,0,0
BRDA:40,6,1,0
BRF:12
BRH:0
end_of_record
TN:
SF:src\components\ui\Loader.jsx
FN:4,(anonymous_0)
FNF:1
FNH:0
FNDA:0,(anonymous_0)
DA:4,0
DA:6,0
DA:25,0
DA:26,0
DA:33,0
LF:5
LH:0
BRDA:4,0,0,0
BRDA:4,1,0,0
BRDA:13,2,0,0
BRDA:13,2,1,0
BRDA:25,3,0,0
BRDA:25,3,1,0
BRF:6
BRH:0
end_of_record
TN:
SF:src\components\ui\Modal.jsx
FN:4,(anonymous_0)
FN:32,(anonymous_1)
FNF:2
FNH:0
FNDA:0,(anonymous_0)
FNDA:0,(anonymous_1)
DA:4,0
DA:5,0
DA:12,0
DA:32,0
LF:4
LH:0
BRDA:4,0,0,0
BRDA:14,1,0,0
BRDA:14,1,1,0
BRDA:44,2,0,0
BRDA:44,2,1,0
BRF:5
BRH:0
end_of_record
TN:
SF:src\components\ui\PagePlaceholder.jsx
FN:5,(anonymous_0)
FN:21,(anonymous_1)
FNF:2
FNH:0
FNDA:0,(anonymous_0)
FNDA:0,(anonymous_1)
DA:5,0
DA:6,0
DA:8,0
DA:21,0
LF:4
LH:0
BRDA:21,0,0,0
BRDA:21,0,1,0
BRDA:25,1,0,0
BRDA:25,1,1,0
BRF:4
BRH:0
end_of_record
TN:
SF:src\components\ui\Select.jsx
FN:4,(anonymous_0)
FN:36,(anonymous_1)
FNF:2
FNH:0
FNDA:0,(anonymous_0)
FNDA:0,(anonymous_1)
DA:4,0
DA:18,0
DA:37,0
DA:52,0
LF:4
LH:0
BRDA:9,0,0,0
BRDA:10,1,0,0
BRDA:11,2,0,0
BRDA:20,3,0,0
BRDA:20,3,1,0
BRDA:29,4,0,0
BRDA:29,4,1,0
BRDA:35,5,0,0
BRDA:35,5,1,0
BRDA:44,6,0,0
BRDA:44,6,1,0
BRF:11
BRH:0
end_of_record
TN:
SF:src\components\ui\SettingsField.jsx
FN:1,(anonymous_0)
FNF:1
FNH:0
FNDA:0,(anonymous_0)
DA:1,0
DA:2,0
LF:2
LH:0
BRDA:1,0,0,0
BRDA:1,1,0,0
BRF:2
BRH:0
end_of_record
TN:
SF:src\components\ui\SettingsRow.jsx
FN:4,(anonymous_0)
FNF:1
FNH:0
FNDA:0,(anonymous_0)
DA:4,0
DA:5,0
DA:6,0
LF:3
LH:0
BRF:0
BRH:0
end_of_record
TN:
SF:src\components\ui\Skeleton.jsx
FN:1,(anonymous_0)
FN:7,(anonymous_1)
FN:15,(anonymous_2)
FN:25,(anonymous_3)
FN:36,(anonymous_4)
FN:43,(anonymous_5)
FN:54,(anonymous_6)
FN:56,(anonymous_7)
FN:62,(anonymous_8)
FN:72,(anonymous_9)
FN:75,(anonymous_10)
FN:91,(anonymous_11)
FN:104,(anonymous_12)
FN:106,(anonymous_13)
FNF:14
FNH:0
FNDA:0,(anonymous_0)
FNDA:0,(anonymous_1)
FNDA:0,(anonymous_2)
FNDA:0,(anonymous_3)
FNDA:0,(anonymous_4)
FNDA:0,(anonymous_5)
FNDA:0,(anonymous_6)
FNDA:0,(anonymous_7)
FNDA:0,(anonymous_8)
FNDA:0,(anonymous_9)
FNDA:0,(anonymous_10)
FNDA:0,(anonymous_11)
FNDA:0,(anonymous_12)
FNDA:0,(anonymous_13)
DA:1,0
DA:2,0
DA:7,0
DA:8,0
DA:15,0
DA:16,0
DA:26,0
DA:36,0
DA:37,0
DA:44,0
DA:54,0
DA:55,0
DA:57,0
DA:62,0
DA:63,0
DA:72,0
DA:73,0
DA:76,0
DA:91,0
DA:92,0
DA:104,0
DA:105,0
DA:107,0
LF:23
LH:0
BRDA:1,0,0,0
BRDA:15,1,0,0
BRDA:54,2,0,0
BRDA:57,3,0,0
BRDA:57,3,1,0
BRDA:104,4,0,0
BRF:6
BRH:0
end_of_record
TN:
SF:src\components\ui\StatCard.jsx
FN:14,(anonymous_0)
FNF:1
FNH:1
FNDA:4,(anonymous_0)
DA:3,1
DA:14,1
DA:15,4
DA:17,4
LF:4
LH:4
BRDA:14,0,0,4
BRDA:14,1,0,4
BRDA:15,2,0,4
BRDA:15,2,1,0
BRDA:29,3,0,4
BRDA:29,3,1,4
BRDA:31,4,0,3
BRDA:31,4,1,1
BRDA:33,5,0,3
BRDA:33,5,1,1
BRF:10
BRH:9
end_of_record
TN:
SF:src\components\ui\ToggleSwitch.jsx
FN:1,(anonymous_0)
FNF:1
FNH:0
FNDA:0,(anonymous_0)
DA:1,0
DA:2,0
LF:2
LH:0
BRDA:1,0,0,0
BRDA:5,1,0,0
BRDA:5,1,1,0
BRDA:7,2,0,0
BRDA:7,2,1,0
BRF:5
BRH:0
end_of_record
TN:
SF:src\components\ui\index.js
FNF:0
FNH:0
LF:0
LH:0
BRF:0
BRH:0
end_of_record
TN:
SF:src\components\user\FavoritesCarousel.jsx
FN:4,(anonymous_0)
FN:9,(anonymous_1)
FN:39,(anonymous_2)
FN:51,(anonymous_3)
FNF:4
FNH:0
FNDA:0,(anonymous_0)
FNDA:0,(anonymous_1)
FNDA:0,(anonymous_2)
FNDA:0,(anonymous_3)
DA:4,0
DA:5,0
DA:10,0
DA:39,0
DA:51,0
LF:5
LH:0
BRDA:4,0,0,0
BRDA:31,1,0,0
BRDA:31,1,1,0
BRDA:33,2,0,0
BRDA:33,2,1,0
BRDA:42,3,0,0
BRDA:42,3,1,0
BRDA:60,4,0,0
BRDA:60,4,1,0
BRF:9
BRH:0
end_of_record
TN:
SF:src\components\user\MedicationGrid.jsx
FN:4,(anonymous_0)
FN:7,(anonymous_1)
FN:21,(anonymous_2)
FN:45,(anonymous_3)
FNF:4
FNH:0
FNDA:0,(anonymous_0)
FNDA:0,(anonymous_1)
FNDA:0,(anonymous_2)
FNDA:0,(anonymous_3)
DA:4,0
DA:5,0
DA:8,0
DA:21,0
DA:45,0
LF:5
LH:0
BRDA:4,0,0,0
BRDA:22,1,0,0
BRDA:22,1,1,0
BRDA:24,2,0,0
BRDA:24,2,1,0
BRDA:48,3,0,0
BRDA:48,3,1,0
BRDA:54,4,0,0
BRDA:54,4,1,0
BRF:9
BRH:0
end_of_record
TN:
SF:src\components\user\MedicationSearchBar.jsx
FN:7,(anonymous_0)
FN:12,(anonymous_1)
FN:17,(anonymous_2)
FN:30,(anonymous_3)
FN:35,(anonymous_4)
FN:41,(anonymous_5)
FN:50,(anonymous_6)
FN:53,(anonymous_7)
FNF:8
FNH:0
FNDA:0,(anonymous_0)
FNDA:0,(anonymous_1)
FNDA:0,(anonymous_2)
FNDA:0,(anonymous_3)
FNDA:0,(anonymous_4)
FNDA:0,(anonymous_5)
FNDA:0,(anonymous_6)
FNDA:0,(anonymous_7)
DA:5,0
DA:7,0
DA:8,0
DA:9,0
DA:10,0
DA:12,0
DA:13,0
DA:14,0
DA:17,0
DA:18,0
DA:19,0
DA:22,0
DA:30,0
DA:35,0
DA:41,0
DA:51,0
DA:53,0
LF:17
LH:0
BRDA:34,0,0,0
BRDA:34,0,1,0
BRDA:42,1,0,0
BRDA:42,1,1,0
BRDA:48,2,0,0
BRDA:48,2,1,0
BRDA:55,3,0,0
BRDA:55,3,1,0
BRF:8
BRH:0
end_of_record
TN:
SF:src\components\user\NotificationCard.jsx
FN:11,(anonymous_0)
FN:20,(anonymous_1)
FNF:2
FNH:0
FNDA:0,(anonymous_0)
FNDA:0,(anonymous_1)
DA:4,0
DA:11,0
DA:12,0
DA:13,0
DA:15,0
DA:20,0
LF:6
LH:0
BRDA:12,0,0,0
BRDA:12,0,1,0
BRDA:22,1,0,0
BRDA:22,1,1,0
BRDA:37,2,0,0
BRDA:37,2,1,0
BRF:6
BRH:0
end_of_record
TN:
SF:src\components\user\PharmacyCard.jsx
FN:4,(anonymous_0)
FNF:1
FNH:0
FNDA:0,(anonymous_0)
DA:4,0
DA:5,0
LF:2
LH:0
BRDA:16,0,0,0
BRDA:16,0,1,0
BRDA:20,1,0,0
BRDA:20,1,1,0
BRDA:22,2,0,0
BRDA:22,2,1,0
BRDA:27,3,0,0
BRDA:27,3,1,0
BRDA:28,4,0,0
BRDA:28,4,1,0
BRF:10
BRH:0
end_of_record
TN:
SF:src\components\user\QuickReservationWidget.jsx
FN:5,(anonymous_0)
FN:14,(anonymous_1)
FN:19,(anonymous_2)
FN:53,(anonymous_3)
FN:68,(anonymous_4)
FN:68,(anonymous_5)
FN:75,(anonymous_6)
FN:75,(anonymous_7)
FN:87,(anonymous_8)
FNF:9
FNH:0
FNDA:0,(anonymous_0)
FNDA:0,(anonymous_1)
FNDA:0,(anonymous_2)
FNDA:0,(anonymous_3)
FNDA:0,(anonymous_4)
FNDA:0,(anonymous_5)
FNDA:0,(anonymous_6)
FNDA:0,(anonymous_7)
FNDA:0,(anonymous_8)
DA:5,0
DA:6,0
DA:7,0
DA:9,0
DA:11,0
DA:15,0
DA:19,0
DA:53,0
DA:68,0
DA:75,0
DA:87,0
LF:11
LH:0
BRDA:5,0,0,0
BRDA:19,1,0,0
BRDA:19,1,1,0
BRDA:21,2,0,0
BRDA:21,2,1,0
BRDA:27,3,0,0
BRDA:27,3,1,0
BRDA:28,4,0,0
BRDA:28,4,1,0
BRDA:41,5,0,0
BRDA:41,5,1,0
BRDA:98,6,0,0
BRDA:98,6,1,0
BRF:13
BRH:0
end_of_record
TN:
SF:src\components\user\RecentReservations.jsx
FN:12,(anonymous_0)
FN:13,(anonymous_1)
FN:27,(anonymous_2)
FNF:3
FNH:0
FNDA:0,(anonymous_0)
FNDA:0,(anonymous_1)
FNDA:0,(anonymous_2)
DA:4,0
DA:12,0
DA:13,0
DA:15,0
DA:16,0
DA:25,0
DA:28,0
DA:29,0
DA:30,0
LF:9
LH:0
BRDA:12,0,0,0
BRDA:15,1,0,0
BRDA:15,1,1,0
BRDA:28,2,0,0
BRDA:28,2,1,0
BRF:5
BRH:0
end_of_record
TN:
SF:src\components\user\ReservationTimeline.jsx
FN:12,(anonymous_0)
FN:13,(anonymous_1)
FN:17,(anonymous_2)
FNF:3
FNH:0
FNDA:0,(anonymous_0)
FNDA:0,(anonymous_1)
FNDA:0,(anonymous_2)
DA:4,0
DA:12,0
DA:13,0
DA:15,0
DA:18,0
DA:19,0
DA:20,0
LF:7
LH:0
BRDA:12,0,0,0
BRDA:18,1,0,0
BRDA:18,1,1,0
BRDA:32,2,0,0
BRDA:32,2,1,0
BRF:5
BRH:0
end_of_record
TN:
SF:src\components\user\SearchHero.jsx
FN:5,(anonymous_0)
FN:45,(anonymous_1)
FN:46,(anonymous_2)
FN:50,(anonymous_3)
FNF:4
FNH:0
FNDA:0,(anonymous_0)
FNDA:0,(anonymous_1)
FNDA:0,(anonymous_2)
FNDA:0,(anonymous_3)
DA:5,0
DA:6,0
DA:8,0
DA:45,0
DA:46,0
DA:50,0
LF:6
LH:0
BRDA:46,0,0,0
BRDA:46,0,1,0
BRF:2
BRH:0
end_of_record
TN:
SF:src\components\user\UploadZone.jsx
FN:5,(anonymous_0)
FN:9,(anonymous_1)
FN:10,(anonymous_2)
FN:14,(anonymous_3)
FN:14,(anonymous_4)
FN:15,(anonymous_5)
FN:16,(anonymous_6)
FN:16,(anonymous_7)
FN:20,(anonymous_8)
FN:27,(anonymous_9)
FN:28,(anonymous_10)
FN:28,(anonymous_11)
FN:34,(anonymous_12)
FN:35,(anonymous_13)
FN:45,(anonymous_14)
FN:60,(anonymous_15)
FN:83,(anonymous_16)
FNF:17
FNH:0
FNDA:0,(anonymous_0)
FNDA:0,(anonymous_1)
FNDA:0,(anonymous_2)
FNDA:0,(anonymous_3)
FNDA:0,(anonymous_4)
FNDA:0,(anonymous_5)
FNDA:0,(anonymous_6)
FNDA:0,(anonymous_7)
FNDA:0,(anonymous_8)
FNDA:0,(anonymous_9)
FNDA:0,(anonymous_10)
FNDA:0,(anonymous_11)
FNDA:0,(anonymous_12)
FNDA:0,(anonymous_13)
FNDA:0,(anonymous_14)
FNDA:0,(anonymous_15)
FNDA:0,(anonymous_16)
DA:5,0
DA:6,0
DA:7,0
DA:9,0
DA:10,0
DA:11,0
DA:12,0
DA:14,0
DA:15,0
DA:16,0
DA:20,0
DA:21,0
DA:22,0
DA:23,0
DA:24,0
DA:27,0
DA:28,0
DA:31,0
DA:34,0
DA:35,0
DA:45,0
DA:61,0
DA:83,0
LF:23
LH:0
BRDA:5,0,0,0
BRDA:5,1,0,0
BRDA:12,2,0,0
BRDA:12,2,1,0
BRDA:38,3,0,0
BRDA:38,3,1,0
BRDA:48,4,0,0
BRDA:48,4,1,0
BRDA:58,5,0,0
BRDA:58,5,1,0
BRDA:70,6,0,0
BRDA:70,6,1,0
BRDA:72,7,0,0
BRDA:72,7,1,0
BRF:14
BRH:0
end_of_record
TN:
SF:src\components\user\UserQuickActions.jsx
FN:23,(anonymous_0)
FN:28,(anonymous_1)
FN:37,(anonymous_2)
FNF:3
FNH:0
FNDA:0,(anonymous_0)
FNDA:0,(anonymous_1)
FNDA:0,(anonymous_2)
DA:5,0
DA:14,0
DA:23,0
DA:24,0
DA:26,0
DA:29,0
DA:30,0
DA:37,0
LF:8
LH:0
BRF:0
BRH:0
end_of_record
TN:
SF:src\components\user\UserStatsCard.jsx
FN:12,(anonymous_0)
FN:25,(anonymous_1)
FNF:2
FNH:0
FNDA:0,(anonymous_0)
FNDA:0,(anonymous_1)
DA:4,0
DA:12,0
DA:13,0
DA:15,0
DA:23,0
DA:26,0
DA:27,0
LF:7
LH:0
BRDA:13,0,0,0
BRDA:13,0,1,0
BRDA:26,1,0,0
BRDA:26,1,1,0
BRF:4
BRH:0
end_of_record
TN:
SF:src\context\AuthContext.jsx
FN:12,(anonymous_0)
FN:19,(anonymous_1)
FN:25,(anonymous_2)
FN:29,(anonymous_3)
FN:36,(anonymous_4)
FN:46,(anonymous_5)
FN:61,(anonymous_6)
FN:62,(anonymous_7)
FN:83,(anonymous_8)
FN:86,(anonymous_9)
FN:91,(anonymous_10)
FN:98,(anonymous_11)
FN:99,(anonymous_12)
FN:118,(anonymous_13)
FN:127,(anonymous_14)
FN:139,(anonymous_15)
FN:144,(anonymous_16)
FN:155,(anonymous_17)
FN:180,(anonymous_18)
FNF:19
FNH:0
FNDA:0,(anonymous_0)
FNDA:0,(anonymous_1)
FNDA:0,(anonymous_2)
FNDA:0,(anonymous_3)
FNDA:0,(anonymous_4)
FNDA:0,(anonymous_5)
FNDA:0,(anonymous_6)
FNDA:0,(anonymous_7)
FNDA:0,(anonymous_8)
FNDA:0,(anonymous_9)
FNDA:0,(anonymous_10)
FNDA:0,(anonymous_11)
FNDA:0,(anonymous_12)
FNDA:0,(anonymous_13)
FNDA:0,(anonymous_14)
FNDA:0,(anonymous_15)
FNDA:0,(anonymous_16)
FNDA:0,(anonymous_17)
FNDA:0,(anonymous_18)
DA:5,0
DA:6,0
DA:7,0
DA:8,0
DA:10,0
DA:12,0
DA:13,0
DA:14,0
DA:15,0
DA:16,0
DA:17,0
DA:19,0
DA:20,0
DA:21,0
DA:22,0
DA:25,0
DA:26,0
DA:29,0
DA:30,0
DA:31,0
DA:32,0
DA:33,0
DA:36,0
DA:37,0
DA:38,0
DA:39,0
DA:40,0
DA:41,0
DA:42,0
DA:46,0
DA:47,0
DA:48,0
DA:50,0
DA:51,0
DA:52,0
DA:53,0
DA:55,0
DA:56,0
DA:57,0
DA:61,0
DA:62,0
DA:63,0
DA:64,0
DA:66,0
DA:67,0
DA:68,0
DA:69,0
DA:70,0
DA:73,0
DA:77,0
DA:80,0
DA:83,0
DA:84,0
DA:85,0
DA:86,0
DA:87,0
DA:91,0
DA:92,0
DA:93,0
DA:98,0
DA:99,0
DA:100,0
DA:102,0
DA:103,0
DA:104,0
DA:110,0
DA:111,0
DA:112,0
DA:113,0
DA:114,0
DA:115,0
DA:118,0
DA:119,0
DA:120,0
DA:121,0
DA:122,0
DA:123,0
DA:124,0
DA:127,0
DA:128,0
DA:129,0
DA:133,0
DA:134,0
DA:135,0
DA:139,0
DA:140,0
DA:141,0
DA:144,0
DA:145,0
DA:146,0
DA:152,0
DA:155,0
DA:156,0
DA:159,0
DA:180,0
DA:181,0
DA:182,0
DA:183,0
LF:98
LH:0
BRDA:21,0,0,0
BRDA:21,0,1,0
BRDA:41,1,0,0
BRDA:41,1,1,0
BRDA:48,2,0,0
BRDA:48,2,1,0
BRDA:66,3,0,0
BRDA:66,3,1,0
BRDA:66,4,0,0
BRDA:66,4,1,0
BRDA:67,5,0,0
BRDA:67,5,1,0
BRDA:69,6,0,0
BRDA:69,6,1,0
BRDA:84,7,0,0
BRDA:84,7,1,0
BRDA:84,8,0,0
BRDA:84,8,1,0
BRDA:92,9,0,0
BRDA:92,9,1,0
BRDA:100,10,0,0
BRDA:100,10,1,0
BRDA:102,11,0,0
BRDA:102,11,1,0
BRDA:121,12,0,0
BRDA:121,12,1,0
BRDA:140,13,0,0
BRDA:140,13,1,0
BRDA:141,14,0,0
BRDA:141,14,1,0
BRDA:145,15,0,0
BRDA:145,15,1,0
BRDA:152,16,0,0
BRDA:152,16,1,0
BRDA:182,17,0,0
BRDA:182,17,1,0
BRF:36
BRH:0
end_of_record
TN:
SF:src\context\DemoContext.jsx
FN:5,DemoProvider
FN:6,(anonymous_1)
FN:14,(anonymous_2)
FN:21,(anonymous_3)
FN:22,(anonymous_4)
FN:25,(anonymous_5)
FN:29,(anonymous_6)
FN:46,useDemo
FNF:8
FNH:0
FNDA:0,DemoProvider
FNDA:0,(anonymous_1)
FNDA:0,(anonymous_2)
FNDA:0,(anonymous_3)
FNDA:0,(anonymous_4)
FNDA:0,(anonymous_5)
FNDA:0,(anonymous_6)
FNDA:0,useDemo
DA:3,0
DA:6,0
DA:7,0
DA:8,0
DA:9,0
DA:12,0
DA:14,0
DA:15,0
DA:16,0
DA:17,0
DA:21,0
DA:22,0
DA:25,0
DA:26,0
DA:29,0
DA:30,0
DA:33,0
DA:47,0
DA:48,0
DA:49,0
LF:20
LH:0
BRDA:9,0,0,0
BRDA:9,0,1,0
BRDA:16,1,0,0
BRDA:16,1,1,0
BRDA:48,2,0,0
BRDA:48,2,1,0
BRF:6
BRH:0
end_of_record
TN:
SF:src\context\GuestContext.jsx
FN:5,loadSavedReservation
FN:17,(anonymous_1)
FN:21,(anonymous_2)
FN:26,(anonymous_3)
FN:31,(anonymous_4)
FN:35,(anonymous_5)
FN:54,(anonymous_6)
FNF:7
FNH:0
FNDA:0,loadSavedReservation
FNDA:0,(anonymous_1)
FNDA:0,(anonymous_2)
FNDA:0,(anonymous_3)
FNDA:0,(anonymous_4)
FNDA:0,(anonymous_5)
FNDA:0,(anonymous_6)
DA:3,0
DA:6,0
DA:7,0
DA:8,0
DA:9,0
DA:11,0
DA:14,0
DA:17,0
DA:18,0
DA:19,0
DA:21,0
DA:22,0
DA:23,0
DA:26,0
DA:27,0
DA:28,0
DA:31,0
DA:32,0
DA:35,0
DA:36,0
DA:39,0
DA:54,0
DA:55,0
DA:56,0
DA:57,0
LF:25
LH:0
BRDA:7,0,0,0
BRDA:7,0,1,0
BRDA:56,1,0,0
BRDA:56,1,1,0
BRF:4
BRH:0
end_of_record
TN:
SF:src\context\ThemeContext.jsx
FN:5,(anonymous_0)
FN:6,(anonymous_1)
FN:11,(anonymous_2)
FN:17,(anonymous_3)
[...]
BRDA:202,22,2,0
BRDA:203,23,0,0
BRDA:203,23,1,0
BRDA:203,23,2,0
BRDA:204,24,0,0
BRDA:204,24,1,0
BRDA:207,25,0,0
BRDA:207,25,1,0
BRDA:208,26,0,0
BRDA:208,26,1,0
BRDA:210,27,0,0
BRDA:210,27,1,0
BRDA:211,28,0,0
BRDA:211,28,1,0
BRDA:248,29,0,0
BRDA:248,29,1,0
BRDA:260,30,0,0
BRDA:260,30,1,0
BRDA:290,31,0,0
BRDA:290,31,1,0
BRDA:307,32,0,0
BRDA:307,32,1,0
BRDA:311,33,0,0
BRDA:311,33,1,0
BRDA:312,34,0,0
BRDA:312,34,1,0
BRDA:318,35,0,0
BRDA:318,35,1,0
BRDA:318,35,2,0
BRDA:331,36,0,0
BRDA:331,36,1,0
BRDA:363,37,0,0
BRDA:363,37,1,0
BRDA:379,38,0,0
BRDA:379,38,1,0
BRDA:383,39,0,0
BRDA:383,39,1,0
BRDA:384,40,0,0
BRDA:384,40,1,0
BRDA:404,41,0,0
BRDA:404,41,1,0
BRDA:411,42,0,0
BRDA:411,42,1,0
BRDA:412,43,0,0
BRDA:412,43,1,0
BRDA:415,44,0,0
BRDA:415,44,1,0
BRDA:431,45,0,0
BRDA:431,45,1,0
BRDA:438,46,0,0
BRDA:438,46,1,0
BRDA:452,47,0,0
BRDA:452,47,1,0
BRDA:469,48,0,0
BRDA:469,48,1,0
BRDA:486,49,0,0
BRDA:486,49,1,0
BRDA:505,50,0,0
BRDA:505,50,1,0
BRF:105
BRH:0
end_of_record
TN:
SF:src\pages\user\NearbyPharmacies.jsx
FN:7,(anonymous_0)
FN:11,(anonymous_1)
FN:19,(anonymous_2)
FN:20,(anonymous_3)
FN:21,(anonymous_4)
FN:45,(anonymous_5)
FN:65,(anonymous_6)
FN:75,(anonymous_7)
FN:78,(anonymous_8)
FN:92,(anonymous_9)
FNF:10
FNH:0
FNDA:0,(anonymous_0)
FNDA:0,(anonymous_1)
FNDA:0,(anonymous_2)
FNDA:0,(anonymous_3)
FNDA:0,(anonymous_4)
FNDA:0,(anonymous_5)
FNDA:0,(anonymous_6)
FNDA:0,(anonymous_7)
FNDA:0,(anonymous_8)
FNDA:0,(anonymous_9)
DA:7,0
DA:8,0
DA:9,0
DA:11,0
DA:12,0
DA:13,0
DA:14,0
DA:17,0
DA:19,0
DA:20,0
DA:21,0
DA:24,0
DA:46,0
DA:65,0
DA:76,0
DA:78,0
DA:93,0
LF:17
LH:0
BRDA:12,0,0,0
BRDA:12,0,1,0
BRDA:13,1,0,0
BRDA:13,1,1,0
BRDA:13,1,2,0
BRDA:13,1,3,0
BRDA:13,1,4,0
BRDA:14,2,0,0
BRDA:14,2,1,0
BRDA:80,3,0,0
BRDA:80,3,1,0
BRDA:103,4,0,0
BRDA:103,4,1,0
BRDA:105,5,0,0
BRDA:105,5,1,0
BRDA:117,6,0,0
BRDA:117,6,1,0
BRF:17
BRH:0
end_of_record
TN:
SF:src\pages\user\ReservationTracking.jsx
FN:43,(anonymous_0)
FN:53,(anonymous_1)
FN:59,(anonymous_2)
FN:112,(anonymous_3)
FN:156,(anonymous_4)
FN:156,(anonymous_5)
FN:160,(anonymous_6)
FN:160,(anonymous_7)
FN:189,(anonymous_8)
FN:206,(anonymous_9)
FN:299,(anonymous_10)
FN:313,(anonymous_11)
FN:400,(anonymous_12)
FN:434,(anonymous_13)
FN:478,(anonymous_14)
FN:537,(anonymous_15)
FN:543,(anonymous_16)
FN:553,(anonymous_17)
FN:561,(anonymous_18)
FN:578,(anonymous_19)
FN:579,(anonymous_20)
FN:580,(anonymous_21)
FN:581,(anonymous_22)
FN:582,(anonymous_23)
FN:585,(anonymous_24)
FN:610,(anonymous_25)
FN:617,(anonymous_26)
FN:632,(anonymous_27)
FN:644,(anonymous_28)
FN:651,(anonymous_29)
FN:686,(anonymous_30)
FN:696,(anonymous_31)
FN:707,(anonymous_32)
FNF:33
FNH:0
FNDA:0,(anonymous_0)
FNDA:0,(anonymous_1)
FNDA:0,(anonymous_2)
FNDA:0,(anonymous_3)
FNDA:0,(anonymous_4)
FNDA:0,(anonymous_5)
FNDA:0,(anonymous_6)
FNDA:0,(anonymous_7)
FNDA:0,(anonymous_8)
FNDA:0,(anonymous_9)
FNDA:0,(anonymous_10)
FNDA:0,(anonymous_11)
FNDA:0,(anonymous_12)
FNDA:0,(anonymous_13)
FNDA:0,(anonymous_14)
FNDA:0,(anonymous_15)
FNDA:0,(anonymous_16)
FNDA:0,(anonymous_17)
FNDA:0,(anonymous_18)
FNDA:0,(anonymous_19)
FNDA:0,(anonymous_20)
FNDA:0,(anonymous_21)
FNDA:0,(anonymous_22)
FNDA:0,(anonymous_23)
FNDA:0,(anonymous_24)
FNDA:0,(anonymous_25)
FNDA:0,(anonymous_26)
FNDA:0,(anonymous_27)
FNDA:0,(anonymous_28)
FNDA:0,(anonymous_29)
FNDA:0,(anonymous_30)
FNDA:0,(anonymous_31)
FNDA:0,(anonymous_32)
DA:17,0
DA:24,0
DA:32,0
DA:37,0
DA:43,0
DA:44,0
DA:45,0
DA:46,0
DA:47,0
DA:48,0
DA:50,0
DA:51,0
DA:53,0
DA:56,0
DA:57,0
DA:59,0
DA:60,0
DA:61,0
DA:62,0
DA:63,0
DA:67,0
DA:71,0
DA:72,0
DA:84,0
DA:85,0
DA:95,0
DA:96,0
DA:112,0
DA:121,0
DA:156,0
DA:160,0
DA:190,0
DA:207,0
DA:208,0
DA:209,0
DA:299,0
DA:300,0
DA:301,0
DA:306,0
DA:307,0
DA:308,0
DA:309,0
DA:310,0
DA:311,0
DA:313,0
DA:314,0
DA:317,0
DA:401,0
DA:402,0
DA:403,0
DA:404,0
DA:435,0
DA:436,0
DA:437,0
DA:438,0
DA:479,0
DA:537,0
DA:543,0
DA:553,0
DA:554,0
DA:556,0
DA:561,0
DA:575,0
DA:576,0
DA:578,0
DA:579,0
DA:580,0
DA:581,0
DA:582,0
DA:585,0
DA:586,0
DA:595,0
DA:611,0
DA:612,0
DA:613,0
DA:616,0
DA:617,0
DA:633,0
DA:645,0
DA:646,0
DA:647,0
DA:651,0
DA:686,0
DA:687,0
DA:688,0
DA:689,0
DA:691,0
DA:692,0
DA:696,0
DA:702,0
DA:703,0
DA:707,0
DA:713,0
LF:93
LH:0
BRDA:56,0,0,0
BRDA:56,0,1,0
BRDA:60,1,0,0
BRDA:60,1,1,0
BRDA:60,2,0,0
BRDA:60,2,1,0
BRDA:71,3,0,0
BRDA:71,3,1,0
BRDA:84,4,0,0
BRDA:84,4,1,0
BRDA:95,5,0,0
BRDA:95,5,1,0
BRDA:106,6,0,0
BRDA:106,6,1,0
BRDA:143,7,0,0
BRDA:143,7,1,0
BRDA:143,8,0,0
BRDA:143,8,1,0
BRDA:144,9,0,0
BRDA:144,9,1,0
BRDA:147,10,0,0
BRDA:147,10,1,0
BRDA:147,11,0,0
BRDA:147,11,1,0
BRDA:147,12,0,0
BRDA:147,12,1,0
BRDA:150,13,0,0
BRDA:150,13,1,0
BRDA:167,14,0,0
BRDA:167,14,1,0
BRDA:171,15,0,0
BRDA:171,15,1,0
BRDA:186,16,0,0
BRDA:186,16,1,0
BRDA:187,17,0,0
BRDA:187,17,1,0
BRDA:188,18,0,0
BRDA:188,18,1,0
BRDA:207,19,0,0
BRDA:207,19,1,0
BRDA:213,20,0,0
BRDA:213,20,1,0
BRDA:217,21,0,0
BRDA:217,21,1,0
BRDA:220,22,0,0
BRDA:220,22,1,0
BRDA:221,23,0,0
BRDA:221,23,1,0
BRDA:222,24,0,0
BRDA:222,24,1,0
BRDA:233,25,0,0
BRDA:233,25,1,0
BRDA:245,26,0,0
BRDA:245,26,1,0
BRDA:252,27,0,0
BRDA:252,27,1,0
BRDA:252,27,2,0
BRDA:256,28,0,0
BRDA:256,28,1,0
BRDA:258,29,0,0
BRDA:258,29,1,0
BRDA:281,30,0,0
BRDA:281,30,1,0
BRDA:306,31,0,0
BRDA:306,31,1,0
BRDA:307,32,0,0
BRDA:307,32,1,0
BRDA:333,33,0,0
BRDA:333,33,1,0
BRDA:342,34,0,0
BRDA:342,34,1,0
BRDA:342,35,0,0
BRDA:342,35,1,0
BRDA:345,36,0,0
BRDA:345,36,1,0
BRDA:353,37,0,0
BRDA:353,37,1,0
BRDA:353,37,2,0
BRDA:358,38,0,0
BRDA:358,38,1,0
BRDA:365,39,0,0
BRDA:365,39,1,0
BRDA:376,40,0,0
BRDA:376,40,1,0
BRDA:388,41,0,0
BRDA:388,41,1,0
BRDA:401,42,0,0
BRDA:401,42,1,0
BRDA:408,43,0,0
BRDA:408,43,1,0
BRDA:409,44,0,0
BRDA:409,44,1,0
BRDA:412,45,0,0
BRDA:412,45,1,0
BRDA:414,46,0,0
BRDA:414,46,1,0
BRDA:421,47,0,0
BRDA:421,47,1,0
BRDA:423,48,0,0
BRDA:423,48,1,0
BRDA:435,49,0,0
BRDA:435,49,1,0
BRDA:442,50,0,0
BRDA:442,50,1,0
BRDA:443,51,0,0
BRDA:443,51,1,0
BRDA:446,52,0,0
BRDA:446,52,1,0
BRDA:448,53,0,0
BRDA:448,53,1,0
BRDA:448,54,0,0
BRDA:448,54,1,0
BRDA:448,55,0,0
BRDA:448,55,1,0
BRDA:451,56,0,0
BRDA:451,56,1,0
BRDA:453,57,0,0
BRDA:453,57,1,0
BRDA:475,58,0,0
BRDA:475,58,1,0
BRDA:476,59,0,0
BRDA:476,59,1,0
BRDA:508,60,0,0
BRDA:508,60,1,0
BRDA:513,61,0,0
BRDA:513,61,1,0
BRDA:519,62,0,0
BRDA:519,62,1,0
BRDA:540,63,0,0
BRDA:540,63,1,0
BRDA:557,64,0,0
BRDA:557,64,1,0
BRDA:561,65,0,0
BRDA:561,65,1,0
BRDA:561,65,2,0
BRDA:562,66,0,0
BRDA:562,66,1,0
BRDA:563,67,0,0
BRDA:563,67,1,0
BRDA:563,67,2,0
BRDA:564,68,0,0
BRDA:564,68,1,0
BRDA:564,68,2,0
BRDA:565,69,0,0
BRDA:565,69,1,0
BRDA:565,69,2,0
BRDA:566,70,0,0
BRDA:566,70,1,0
BRDA:566,70,2,0
BRDA:567,71,0,0
BRDA:567,71,1,0
BRDA:567,71,2,0
BRDA:568,72,0,0
BRDA:568,72,1,0
BRDA:569,73,0,0
BRDA:569,73,1,0
BRDA:570,74,0,0
BRDA:570,74,1,0
BRDA:570,74,2,0
BRDA:575,75,0,0
BRDA:575,75,1,0
BRDA:585,76,0,0
BRDA:585,76,1,0
BRDA:611,77,0,0
BRDA:611,77,1,0
BRDA:613,78,0,0
BRDA:613,78,1,0
BRDA:614,79,0,0
BRDA:614,79,1,0
BRDA:619,80,0,0
BRDA:619,80,1,0
BRDA:623,81,0,0
BRDA:623,81,1,0
BRDA:630,82,0,0
BRDA:630,82,1,0
BRDA:638,83,0,0
BRDA:638,83,1,0
BRDA:645,84,0,0
BRDA:645,84,1,0
BRDA:668,85,0,0
BRDA:668,85,1,0
BRDA:691,86,0,0
BRDA:691,86,1,0
BRDA:702,87,0,0
BRDA:702,87,1,0
BRF:185
BRH:0
end_of_record
TN:
SF:src\pages\user\UserDashboard.jsx
FN:40,(anonymous_0)
FN:81,(anonymous_1)
FN:103,(anonymous_2)
FN:109,(anonymous_3)
FN:144,(anonymous_4)
FN:153,(anonymous_5)
FN:175,(anonymous_6)
FN:188,(anonymous_7)
FN:190,(anonymous_8)
FN:197,(anonymous_9)
FN:203,(anonymous_10)
FN:244,(anonymous_11)
FN:259,(anonymous_12)
FN:278,(anonymous_13)
FN:290,(anonymous_14)
FN:307,(anonymous_15)
FN:319,(anonymous_16)
FN:347,(anonymous_17)
FN:359,(anonymous_18)
FN:388,(anonymous_19)
FN:423,(anonymous_20)
FNF:21
FNH:0
FNDA:0,(anonymous_0)
FNDA:0,(anonymous_1)
FNDA:0,(anonymous_2)
FNDA:0,(anonymous_3)
FNDA:0,(anonymous_4)
FNDA:0,(anonymous_5)
FNDA:0,(anonymous_6)
FNDA:0,(anonymous_7)
FNDA:0,(anonymous_8)
FNDA:0,(anonymous_9)
FNDA:0,(anonymous_10)
FNDA:0,(anonymous_11)
FNDA:0,(anonymous_12)
FNDA:0,(anonymous_13)
FNDA:0,(anonymous_14)
FNDA:0,(anonymous_15)
FNDA:0,(anonymous_16)
FNDA:0,(anonymous_17)
FNDA:0,(anonymous_18)
FNDA:0,(anonymous_19)
FNDA:0,(anonymous_20)
DA:17,0
DA:24,0
DA:29,0
DA:34,0
DA:40,0
DA:41,0
DA:42,0
DA:44,0
DA:51,0
DA:56,0
DA:81,0
DA:104,0
DA:105,0
DA:106,0
DA:109,0
DA:144,0
DA:145,0
DA:154,0
DA:176,0
DA:188,0
DA:189,0
DA:190,0
DA:197,0
DA:204,0
DA:205,0
DA:244,0
DA:245,0
DA:260,0
DA:279,0
DA:291,0
DA:308,0
DA:319,0
DA:320,0
DA:348,0
DA:360,0
DA:389,0
DA:424,0
LF:37
LH:0
BRDA:62,0,0,0
BRDA:62,0,1,0
BRDA:111,1,0,0
BRDA:111,1,1,0
BRDA:133,2,0,0
BRDA:133,2,1,0
BRDA:134,3,0,0
BRDA:134,3,1,0
BRDA:135,4,0,0
BRDA:135,4,1,0
BRDA:136,5,0,0
BRDA:136,5,1,0
BRDA:147,6,0,0
BRDA:147,6,1,0
BRDA:190,7,0,0
BRDA:190,7,1,0
BRDA:204,8,0,0
BRDA:204,8,1,0
BRDA:222,9,0,0
BRDA:222,9,1,0
BRDA:222,10,0,0
BRDA:222,10,1,0
BRDA:232,11,0,0
BRDA:232,11,1,0
BRDA:301,12,0,0
BRDA:301,12,1,0
BRDA:362,13,0,0
BRDA:362,13,1,0
BRDA:363,14,0,0
BRDA:363,14,1,0
BRDA:374,15,0,0
BRDA:374,15,1,0
BRDA:375,16,0,0
BRDA:375,16,1,0
BRDA:420,17,0,0
BRDA:420,17,1,0
BRF:36
BRH:0
end_of_record
TN:
SF:src\pages\user\UserNotifications.jsx
FN:26,(anonymous_0)
FN:31,(anonymous_1)
FN:38,(anonymous_2)
FN:40,(anonymous_3)
FN:40,(anonymous_4)
FN:40,(anonymous_5)
FN:41,(anonymous_6)
FN:41,(anonymous_7)
FN:41,(anonymous_8)
FN:43,(anonymous_9)
FN:50,(anonymous_10)
FNF:11
FNH:0
FNDA:0,(anonymous_0)
FNDA:0,(anonymous_1)
FNDA:0,(anonymous_2)
FNDA:0,(anonymous_3)
FNDA:0,(anonymous_4)
FNDA:0,(anonymous_5)
FNDA:0,(anonymous_6)
FNDA:0,(anonymous_7)
FNDA:0,(anonymous_8)
FNDA:0,(anonymous_9)
FNDA:0,(anonymous_10)
DA:6,0
DA:13,0
DA:19,0
DA:26,0
DA:27,0
DA:28,0
DA:29,0
DA:31,0
DA:32,0
DA:33,0
DA:34,0
DA:35,0
DA:38,0
DA:40,0
DA:41,0
DA:43,0
DA:47,0
DA:50,0
DA:54,0
LF:19
LH:0
BRDA:32,0,0,0
BRDA:32,0,1,0
BRDA:32,1,0,0
BRDA:32,1,1,0
BRDA:33,2,0,0
BRDA:33,2,1,0
BRDA:33,3,0,0
BRDA:33,3,1,0
BRDA:34,4,0,0
BRDA:34,4,1,0
BRDA:34,5,0,0
BRDA:34,5,1,0
BRDA:34,5,2,0
BRDA:50,6,0,0
BRDA:50,6,1,0
BRF:15
BRH:0
end_of_record
TN:
SF:src\pages\user\UserProfile.jsx
FN:22,(anonymous_0)
FN:32,(anonymous_1)
FN:33,(anonymous_2)
FN:52,(anonymous_3)
FN:63,(anonymous_4)
FN:75,(anonymous_5)
FN:92,(anonymous_6)
FN:117,(anonymous_7)
FN:122,(anonymous_8)
FN:127,(anonymous_9)
FN:144,(anonymous_10)
FN:162,(anonymous_11)
FN:223,(anonymous_12)
FN:233,(anonymous_13)
FN:244,(anonymous_14)
FN:268,(anonymous_15)
FN:293,(anonymous_16)
FN:301,(anonymous_17)
FN:333,(anonymous_18)
FN:415,(anonymous_19)
FN:445,(anonymous_20)
FN:453,(anonymous_21)
FN:478,(anonymous_22)
FN:500,(anonymous_23)
FN:503,(anonymous_24)
FN:556,(anonymous_25)
FN:561,(anonymous_26)
FNF:27
FNH:0
FNDA:0,(anonymous_0)
FNDA:0,(anonymous_1)
FNDA:0,(anonymous_2)
FNDA:0,(anonymous_3)
FNDA:0,(anonymous_4)
FNDA:0,(anonymous_5)
FNDA:0,(anonymous_6)
FNDA:0,(anonymous_7)
FNDA:0,(anonymous_8)
FNDA:0,(anonymous_9)
FNDA:0,(anonymous_10)
FNDA:0,(anonymous_11)
FNDA:0,(anonymous_12)
FNDA:0,(anonymous_13)
FNDA:0,(anonymous_14)
FNDA:0,(anonymous_15)
FNDA:0,(anonymous_16)
FNDA:0,(anonymous_17)
FNDA:0,(anonymous_18)
FNDA:0,(anonymous_19)
FNDA:0,(anonymous_20)
FNDA:0,(anonymous_21)
FNDA:0,(anonymous_22)
FNDA:0,(anonymous_23)
FNDA:0,(anonymous_24)
FNDA:0,(anonymous_25)
FNDA:0,(anonymous_26)
DA:13,0
DA:22,0
DA:23,0
DA:32,0
DA:33,0
DA:34,0
DA:35,0
DA:36,0
DA:37,0
DA:38,0
DA:39,0
DA:40,0
DA:41,0
DA:42,0
DA:45,0
DA:46,0
DA:47,0
DA:49,0
DA:53,0
DA:63,0
DA:64,0
DA:75,0
DA:76,0
DA:92,0
DA:93,0
DA:94,0
DA:95,0
DA:96,0
DA:97,0
DA:98,0
DA:99,0
DA:101,0
DA:103,0
DA:111,0
DA:117,0
DA:118,0
DA:119,0
DA:120,0
DA:121,0
DA:122,0
DA:123,0
DA:124,0
DA:127,0
DA:128,0
DA:129,0
DA:130,0
DA:133,0
DA:141,0
DA:142,0
DA:144,0
DA:145,0
DA:147,0
DA:162,0
DA:203,0
DA:223,0
DA:233,0
DA:244,0
DA:275,0
DA:294,0
DA:301,0
DA:310,0
DA:403,0
DA:416,0
DA:429,0
DA:446,0
DA:453,0
DA:462,0
DA:466,0
DA:478,0
DA:501,0
DA:503,0
DA:557,0
DA:558,0
DA:561,0
LF:74
LH:0
BRDA:26,0,0,0
BRDA:26,0,1,0
BRDA:28,1,0,0
BRDA:28,1,1,0
BRDA:35,2,0,0
BRDA:35,2,1,0
BRDA:36,3,0,0
BRDA:36,3,1,0
BRDA:37,4,0,0
BRDA:37,4,1,0
BRDA:38,5,0,0
BRDA:38,5,1,0
BRDA:39,6,0,0
BRDA:39,6,1,0
BRDA:40,7,0,0
BRDA:40,7,1,0
BRDA:41,8,0,0
BRDA:41,8,1,0
BRDA:53,9,0,0
BRDA:53,9,1,0
BRDA:56,10,0,0
BRDA:56,10,1,0
BRDA:57,11,0,0
BRDA:57,11,1,0
BRDA:78,12,0,0
BRDA:78,12,1,0
BRDA:79,13,0,0
BRDA:79,13,1,0
BRDA:97,14,0,0
BRDA:97,14,1,0
BRDA:119,15,0,0
BRDA:119,15,1,0
BRDA:145,16,0,0
BRDA:145,16,1,0
BRDA:145,16,2,0
BRDA:145,16,3,0
BRDA:145,16,4,0
BRDA:145,16,5,0
BRDA:145,16,6,0
BRDA:152,17,0,0
BRDA:152,17,1,0
BRDA:167,18,0,0
BRDA:167,18,1,0
BRDA:179,19,0,0
BRDA:179,19,1,0
BRDA:192,20,0,0
BRDA:192,20,1,0
BRDA:193,21,0,0
BRDA:193,21,1,0
BRDA:326,22,0,0
BRDA:326,22,1,0
BRDA:485,23,0,0
BRDA:485,23,1,0
BRDA:505,24,0,0
BRDA:505,24,1,0
BRDA:511,25,0,0
BRDA:511,25,1,0
BRDA:516,26,0,0
BRDA:516,26,1,0
BRDA:561,27,0,0
BRDA:561,27,1,0
BRDA:570,28,0,0
BRDA:570,28,1,0
BRDA:573,29,0,0
BRDA:573,29,1,0
BRF:65
BRH:0
end_of_record
TN:
SF:src\pages\user\UserSettings.jsx
FN:35,(anonymous_0)
FN:44,(anonymous_1)
FN:54,(anonymous_2)
FN:54,(anonymous_3)
FN:75,(anonymous_4)
FN:88,(anonymous_5)
FN:94,(anonymous_6)
FN:103,(anonymous_7)
FNF:8
FNH:0
FNDA:0,(anonymous_0)
FNDA:0,(anonymous_1)
FNDA:0,(anonymous_2)
FNDA:0,(anonymous_3)
FNDA:0,(anonymous_4)
FNDA:0,(anonymous_5)
FNDA:0,(anonymous_6)
FNDA:0,(anonymous_7)
DA:7,0
DA:35,0
DA:36,0
DA:44,0
DA:45,0
DA:46,0
DA:54,0
DA:56,0
DA:76,0
DA:89,0
DA:94,0
DA:103,0
LF:12
LH:0
BRDA:38,0,0,0
BRDA:38,0,1,0
BRDA:40,1,0,0
BRDA:40,1,1,0
BRDA:85,2,0,0
BRDA:85,2,1,0
BRF:6
BRH:0
end_of_record
TN:
SF:src\routes\AppRouter.jsx
FN:14,(anonymous_0)
FN:15,(anonymous_1)
FN:16,(anonymous_2)
FN:17,(anonymous_3)
FN:18,(anonymous_4)
FN:20,(anonymous_5)
FN:21,(anonymous_6)
FN:22,(anonymous_7)
FN:23,(anonymous_8)
FN:24,(anonymous_9)
FN:25,(anonymous_10)
FN:27,(anonymous_11)
FN:28,(anonymous_12)
FN:29,(anonymous_13)
FN:30,(anonymous_14)
FN:31,(anonymous_15)
FN:32,(anonymous_16)
FN:33,(anonymous_17)
FN:35,(anonymous_18)
FN:36,(anonymous_19)
FN:37,(anonymous_20)
FN:38,(anonymous_21)
FN:39,(anonymous_22)
FN:40,(anonymous_23)
FN:41,(anonymous_24)
FN:42,(anonymous_25)
FN:43,(anonymous_26)
FN:44,(anonymous_27)
FN:45,(anonymous_28)
FN:46,(anonymous_29)
FN:47,(anonymous_30)
FN:48,(anonymous_31)
FN:49,(anonymous_32)
FN:50,(anonymous_33)
FN:51,(anonymous_34)
FN:52,(anonymous_35)
FN:53,(anonymous_36)
FN:54,(anonymous_37)
FN:55,(anonymous_38)
FN:56,(anonymous_39)
FN:57,(anonymous_40)
FN:58,(anonymous_41)
FN:59,(anonymous_42)
FN:61,(anonymous_43)
FN:62,(anonymous_44)
FN:63,(anonymous_45)
FN:65,(anonymous_46)
FN:66,(anonymous_47)
FN:67,(anonymous_48)
FN:69,(anonymous_49)
FN:70,(anonymous_50)
FN:71,(anonymous_51)
FN:73,(anonymous_52)
FN:74,(anonymous_53)
FN:75,(anonymous_54)
FN:76,(anonymous_55)
FN:78,(anonymous_56)
FN:79,(anonymous_57)
FN:80,(anonymous_58)
FN:81,(anonymous_59)
FN:83,(anonymous_60)
FN:84,(anonymous_61)
FN:85,(anonymous_62)
FN:86,(anonymous_63)
FN:87,(anonymous_64)
FN:88,(anonymous_65)
FN:89,(anonymous_66)
FN:90,(anonymous_67)
FN:91,(anonymous_68)
FN:92,(anonymous_69)
FN:93,(anonymous_70)
FN:95,(anonymous_71)
FN:105,(anonymous_72)
FN:117,(anonymous_73)
FN:123,(anonymous_74)
FNF:75
FNH:0
FNDA:0,(anonymous_0)
FNDA:0,(anonymous_1)
FNDA:0,(anonymous_2)
FNDA:0,(anonymous_3)
FNDA:0,(anonymous_4)
FNDA:0,(anonymous_5)
FNDA:0,(anonymous_6)
FNDA:0,(anonymous_7)
FNDA:0,(anonymous_8)
FNDA:0,(anonymous_9)
FNDA:0,(anonymous_10)
FNDA:0,(anonymous_11)
FNDA:0,(anonymous_12)
FNDA:0,(anonymous_13)
FNDA:0,(anonymous_14)
FNDA:0,(anonymous_15)
FNDA:0,(anonymous_16)
FNDA:0,(anonymous_17)
FNDA:0,(anonymous_18)
FNDA:0,(anonymous_19)
FNDA:0,(anonymous_20)
FNDA:0,(anonymous_21)
FNDA:0,(anonymous_22)
FNDA:0,(anonymous_23)
FNDA:0,(anonymous_24)
FNDA:0,(anonymous_25)
FNDA:0,(anonymous_26)
FNDA:0,(anonymous_27)
FNDA:0,(anonymous_28)
FNDA:0,(anonymous_29)
FNDA:0,(anonymous_30)
FNDA:0,(anonymous_31)
FNDA:0,(anonymous_32)
FNDA:0,(anonymous_33)
FNDA:0,(anonymous_34)
FNDA:0,(anonymous_35)
FNDA:0,(anonymous_36)
FNDA:0,(anonymous_37)
FNDA:0,(anonymous_38)
FNDA:0,(anonymous_39)
FNDA:0,(anonymous_40)
FNDA:0,(anonymous_41)
FNDA:0,(anonymous_42)
FNDA:0,(anonymous_43)
FNDA:0,(anonymous_44)
FNDA:0,(anonymous_45)
FNDA:0,(anonymous_46)
FNDA:0,(anonymous_47)
FNDA:0,(anonymous_48)
FNDA:0,(anonymous_49)
FNDA:0,(anonymous_50)
FNDA:0,(anonymous_51)
FNDA:0,(anonymous_52)
FNDA:0,(anonymous_53)
FNDA:0,(anonymous_54)
FNDA:0,(anonymous_55)
FNDA:0,(anonymous_56)
FNDA:0,(anonymous_57)
FNDA:0,(anonymous_58)
FNDA:0,(anonymous_59)
FNDA:0,(anonymous_60)
FNDA:0,(anonymous_61)
FNDA:0,(anonymous_62)
FNDA:0,(anonymous_63)
FNDA:0,(anonymous_64)
FNDA:0,(anonymous_65)
FNDA:0,(anonymous_66)
FNDA:0,(anonymous_67)
FNDA:0,(anonymous_68)
FNDA:0,(anonymous_69)
FNDA:0,(anonymous_70)
FNDA:0,(anonymous_71)
FNDA:0,(anonymous_72)
FNDA:0,(anonymous_73)
FNDA:0,(anonymous_74)
DA:14,0
DA:15,0
DA:16,0
DA:17,0
DA:18,0
DA:20,0
DA:21,0
DA:22,0
DA:23,0
DA:24,0
DA:25,0
DA:27,0
DA:28,0
DA:29,0
DA:30,0
DA:31,0
DA:32,0
DA:33,0
DA:35,0
DA:36,0
DA:37,0
DA:38,0
DA:39,0
DA:40,0
DA:41,0
DA:42,0
DA:43,0
DA:44,0
DA:45,0
DA:46,0
DA:47,0
DA:48,0
DA:49,0
DA:50,0
DA:51,0
DA:52,0
DA:53,0
DA:54,0
DA:55,0
DA:56,0
DA:57,0
DA:58,0
DA:59,0
DA:61,0
DA:62,0
DA:63,0
DA:65,0
DA:66,0
DA:67,0
DA:69,0
DA:70,0
DA:71,0
DA:73,0
DA:74,0
DA:75,0
DA:76,0
DA:78,0
DA:79,0
DA:80,0
DA:81,0
DA:83,0
DA:84,0
DA:85,0
DA:86,0
DA:87,0
DA:88,0
DA:89,0
DA:90,0
DA:91,0
DA:92,0
DA:93,0
DA:95,0
DA:96,0
DA:106,0
DA:117,0
DA:118,0
DA:123,0
DA:124,0
LF:78
LH:0
BRF:0
BRH:0
end_of_record
TN:
SF:src\routes\ProtectedRoute.jsx
FN:6,(anonymous_0)
FN:11,(anonymous_1)
FN:13,(anonymous_2)
FN:14,(anonymous_3)
FN:18,(anonymous_4)
FNF:5
FNH:0
FNDA:0,(anonymous_0)
FNDA:0,(anonymous_1)
FNDA:0,(anonymous_2)
FNDA:0,(anonymous_3)
FNDA:0,(anonymous_4)
DA:6,0
DA:7,0
DA:8,0
DA:9,0
DA:11,0
DA:12,0
DA:13,0
DA:14,0
DA:18,0
DA:19,0
DA:20,0
DA:21,0
DA:25,0
DA:26,0
DA:29,0
DA:30,0
DA:46,0
DA:47,0
DA:50,0
LF:19
LH:0
BRDA:6,0,0,0
BRDA:6,1,0,0
BRDA:12,2,0,0
BRDA:12,2,1,0
BRDA:12,3,0,0
BRDA:12,3,1,0
BRDA:12,3,2,0
BRDA:12,3,3,0
BRDA:12,3,4,0
BRDA:20,4,0,0
BRDA:20,4,1,0
BRDA:25,5,0,0
BRDA:25,5,1,0
BRDA:29,6,0,0
BRDA:29,6,1,0
BRDA:29,7,0,0
BRDA:29,7,1,0
BRDA:29,7,2,0
BRDA:46,8,0,0
BRDA:46,8,1,0
BRDA:46,9,0,0
BRDA:46,9,1,0
BRF:22
BRH:0
end_of_record
TN:
SF:src\routes\RoleProtectedRoute.jsx
FN:5,(anonymous_0)
FNF:1
FNH:0
FNDA:0,(anonymous_0)
DA:5,0
DA:6,0
DA:8,0
DA:9,0
DA:12,0
DA:13,0
DA:16,0
DA:17,0
DA:18,0
DA:21,0
LF:10
LH:0
BRDA:8,0,0,0
BRDA:8,0,1,0
BRDA:12,1,0,0
BRDA:12,1,1,0
BRDA:16,2,0,0
BRDA:16,2,1,0
BRF:6
BRH:0
end_of_record
TN:
SF:src\utils\apiErrorHandler.js
FN:15,(anonymous_0)
FN:37,(anonymous_1)
FN:44,(anonymous_2)
FN:49,(anonymous_3)
FN:53,(anonymous_4)
FN:57,(anonymous_5)
FNF:6
FNH:0
FNDA:0,(anonymous_0)
FNDA:0,(anonymous_1)
FNDA:0,(anonymous_2)
FNDA:0,(anonymous_3)
FNDA:0,(anonymous_4)
FNDA:0,(anonymous_5)
DA:3,0
DA:15,0
DA:16,0
DA:18,0
DA:19,0
DA:20,0
DA:23,0
DA:24,0
DA:26,0
DA:27,0
DA:30,0
DA:31,0
DA:34,0
DA:37,0
DA:38,0
DA:39,0
DA:40,0
DA:44,0
DA:45,0
DA:46,0
DA:49,0
DA:50,0
DA:53,0
DA:54,0
DA:57,0
DA:58,0
LF:26
LH:0
BRDA:15,0,0,0
BRDA:16,1,0,0
BRDA:16,2,0,0
BRDA:18,3,0,0
BRDA:18,3,1,0
BRDA:19,4,0,0
BRDA:19,4,1,0
BRDA:23,5,0,0
BRDA:23,5,1,0
BRDA:24,6,0,0
BRDA:24,6,1,0
BRDA:24,6,2,0
BRDA:24,6,3,0
BRDA:26,7,0,0
BRDA:26,7,1,0
BRDA:30,8,0,0
BRDA:30,8,1,0
BRDA:37,9,0,0
BRDA:38,10,0,0
BRDA:39,11,0,0
BRDA:39,11,1,0
BRDA:39,12,0,0
BRDA:39,12,1,0
BRDA:45,13,0,0
BRDA:45,13,1,0
BRDA:46,14,0,0
BRDA:46,14,1,0
BRDA:46,14,2,0
BRDA:50,15,0,0
BRDA:50,15,1,0
BRDA:54,16,0,0
BRDA:54,16,1,0
BRDA:58,17,0,0
BRDA:58,17,1,0
BRDA:58,17,2,0
BRF:35
BRH:0
end_of_record
TN:
SF:src\utils\formatters.js
FN:1,formatTimeAgo
FN:15,formatDate
FN:22,formatDateShort
FNF:3
FNH:3
FNDA:4,formatTimeAgo
FNDA:1,formatDate
FNDA:1,formatDateShort
DA:2,4
DA:3,4
DA:4,4
DA:5,4
DA:6,4
DA:7,4
DA:8,3
DA:9,2
DA:10,2
DA:11,1
DA:12,1
DA:16,1
DA:17,1
DA:23,1
LF:14
LH:14
BRDA:2,0,0,0
BRDA:2,0,1,4
BRDA:7,1,0,1
BRDA:7,1,1,3
BRDA:8,2,0,1
BRDA:8,2,1,2
BRDA:10,3,0,1
BRDA:10,3,1,1
BRDA:16,4,0,0
BRDA:16,4,1,1
BRF:10
BRH:8
end_of_record
TN:
SF:src\utils\plantuml.js
FN:5,encodePlantUML
FN:9,encodeUrlSafe
FNF:2
FNH:0
FNDA:0,encodePlantUML
FNDA:0,encodeUrlSafe
DA:3,0
DA:6,0
DA:10,0
LF:3
LH:0
BRF:0
BRH:0
end_of_record
